============================= test session starts ==============================
platform linux -- Python 3.11.0, pytest-7.2.0, pluggy-1.0.0
rootdir: /home/runner/work/psnawp/psnawp, configfile: pyproject.toml, testpaths: tests
plugins: cov-4.0.0, vcr-1.0.2
collected 63 items

tests/unit_tests/test_authenticator.py F                                 [  1%]
tests/unit_tests/test_client.py ..EEEEEEEEEEEEEE                         [ 26%]
tests/unit_tests/test_game_title.py EEEEEEEEE                            [ 41%]
tests/unit_tests/test_group.py EEEEEEEEE                                 [ 55%]
tests/unit_tests/test_search.py EEE                                      [ 60%]
tests/unit_tests/test_user.py EEEEEEEEEEEEEEEEEEEEEEEEE                  [100%]

==================================== ERRORS ====================================
___________________ ERROR at setup of test_client__online_id ___________________

    @pytest.fixture(scope="session")
    def psnawp_fixture():
>       return PSNAWP(os.getenv("NPSSO_CODE"))

tests/conftest.py:13: 
_ _ _ _ _ _ _ _ _ _ _ _ _ _ _ _ _ _ _ _ _ _ _ _ _ _ _ _ _ _ _ _ _ _ _ _ _ _ _ _ 
/opt/hostedtoolcache/Python/3.11.0/x64/lib/python3.11/site-packages/psnawp_api/psnawp.py:39: in __init__
    self._request_builder = request_builder.RequestBuilder(authenticator.Authenticator(npsso_cookie))
/opt/hostedtoolcache/Python/3.11.0/x64/lib/python3.11/site-packages/psnawp_api/core/authenticator.py:34: in __init__
    self._authenticate()
/opt/hostedtoolcache/Python/3.11.0/x64/lib/python3.11/site-packages/psnawp_api/core/authenticator.py:112: in _authenticate
    response.raise_for_status()
_ _ _ _ _ _ _ _ _ _ _ _ _ _ _ _ _ _ _ _ _ _ _ _ _ _ _ _ _ _ _ _ _ _ _ _ _ _ _ _ 

self = <Response [400]>

    def raise_for_status(self):
        """Raises :class:`HTTPError`, if one occurred."""
    
        http_error_msg = ""
        if isinstance(self.reason, bytes):
            # We attempt to decode utf-8 first because some servers
            # choose to localize their reason strings. If the string
            # isn't utf-8, we fall back to iso-8859-1 for all other
            # encodings. (See PR #3538)
            try:
                reason = self.reason.decode("utf-8")
            except UnicodeDecodeError:
                reason = self.reason.decode("iso-8859-1")
        else:
            reason = self.reason
    
        if 400 <= self.status_code < 500:
            http_error_msg = (
                f"{self.status_code} Client Error: {reason} for url: {self.url}"
            )
    
        elif 500 <= self.status_code < 600:
            http_error_msg = (
                f"{self.status_code} Server Error: {reason} for url: {self.url}"
            )
    
        if http_error_msg:
>           raise HTTPError(http_error_msg, response=self)
E           requests.exceptions.HTTPError: 400 Client Error: Bad Request for url: https://ca.account.sony.com/api/authz/v3/oauth/authorize?access_type=offline&client_id=ac8d161a-d966-4728-b0ea-ffec22f69edc&scope=psn%3Aclientapp+psn%3Amobile.v1&redirect_uri=com.playstation.PlayStationApp%3A%2F%2Fredirect&response_type=code

/opt/hostedtoolcache/Python/3.11.0/x64/lib/python3.11/site-packages/requests/models.py:1021: HTTPError
__________________ ERROR at setup of test_client__account_id ___________________

    @pytest.fixture(scope="session")
    def psnawp_fixture():
>       return PSNAWP(os.getenv("NPSSO_CODE"))

tests/conftest.py:13: 
_ _ _ _ _ _ _ _ _ _ _ _ _ _ _ _ _ _ _ _ _ _ _ _ _ _ _ _ _ _ _ _ _ _ _ _ _ _ _ _ 
/opt/hostedtoolcache/Python/3.11.0/x64/lib/python3.11/site-packages/psnawp_api/psnawp.py:39: in __init__
    self._request_builder = request_builder.RequestBuilder(authenticator.Authenticator(npsso_cookie))
/opt/hostedtoolcache/Python/3.11.0/x64/lib/python3.11/site-packages/psnawp_api/core/authenticator.py:34: in __init__
    self._authenticate()
/opt/hostedtoolcache/Python/3.11.0/x64/lib/python3.11/site-packages/psnawp_api/core/authenticator.py:112: in _authenticate
    response.raise_for_status()
_ _ _ _ _ _ _ _ _ _ _ _ _ _ _ _ _ _ _ _ _ _ _ _ _ _ _ _ _ _ _ _ _ _ _ _ _ _ _ _ 

self = <Response [400]>

    def raise_for_status(self):
        """Raises :class:`HTTPError`, if one occurred."""
    
        http_error_msg = ""
        if isinstance(self.reason, bytes):
            # We attempt to decode utf-8 first because some servers
            # choose to localize their reason strings. If the string
            # isn't utf-8, we fall back to iso-8859-1 for all other
            # encodings. (See PR #3538)
            try:
                reason = self.reason.decode("utf-8")
            except UnicodeDecodeError:
                reason = self.reason.decode("iso-8859-1")
        else:
            reason = self.reason
    
        if 400 <= self.status_code < 500:
            http_error_msg = (
                f"{self.status_code} Client Error: {reason} for url: {self.url}"
            )
    
        elif 500 <= self.status_code < 600:
            http_error_msg = (
                f"{self.status_code} Server Error: {reason} for url: {self.url}"
            )
    
        if http_error_msg:
>           raise HTTPError(http_error_msg, response=self)
E           requests.exceptions.HTTPError: 400 Client Error: Bad Request for url: https://ca.account.sony.com/api/authz/v3/oauth/authorize?access_type=offline&client_id=ac8d161a-d966-4728-b0ea-ffec22f69edc&scope=psn%3Aclientapp+psn%3Amobile.v1&redirect_uri=com.playstation.PlayStationApp%3A%2F%2Fredirect&response_type=code

/opt/hostedtoolcache/Python/3.11.0/x64/lib/python3.11/site-packages/requests/models.py:1021: HTTPError
______________ ERROR at setup of test_client__get_profile_legacy _______________

    @pytest.fixture(scope="session")
    def psnawp_fixture():
>       return PSNAWP(os.getenv("NPSSO_CODE"))

tests/conftest.py:13: 
_ _ _ _ _ _ _ _ _ _ _ _ _ _ _ _ _ _ _ _ _ _ _ _ _ _ _ _ _ _ _ _ _ _ _ _ _ _ _ _ 
/opt/hostedtoolcache/Python/3.11.0/x64/lib/python3.11/site-packages/psnawp_api/psnawp.py:39: in __init__
    self._request_builder = request_builder.RequestBuilder(authenticator.Authenticator(npsso_cookie))
/opt/hostedtoolcache/Python/3.11.0/x64/lib/python3.11/site-packages/psnawp_api/core/authenticator.py:34: in __init__
    self._authenticate()
/opt/hostedtoolcache/Python/3.11.0/x64/lib/python3.11/site-packages/psnawp_api/core/authenticator.py:112: in _authenticate
    response.raise_for_status()
_ _ _ _ _ _ _ _ _ _ _ _ _ _ _ _ _ _ _ _ _ _ _ _ _ _ _ _ _ _ _ _ _ _ _ _ _ _ _ _ 

self = <Response [400]>

    def raise_for_status(self):
        """Raises :class:`HTTPError`, if one occurred."""
    
        http_error_msg = ""
        if isinstance(self.reason, bytes):
            # We attempt to decode utf-8 first because some servers
            # choose to localize their reason strings. If the string
            # isn't utf-8, we fall back to iso-8859-1 for all other
            # encodings. (See PR #3538)
            try:
                reason = self.reason.decode("utf-8")
            except UnicodeDecodeError:
                reason = self.reason.decode("iso-8859-1")
        else:
            reason = self.reason
    
        if 400 <= self.status_code < 500:
            http_error_msg = (
                f"{self.status_code} Client Error: {reason} for url: {self.url}"
            )
    
        elif 500 <= self.status_code < 600:
            http_error_msg = (
                f"{self.status_code} Server Error: {reason} for url: {self.url}"
            )
    
        if http_error_msg:
>           raise HTTPError(http_error_msg, response=self)
E           requests.exceptions.HTTPError: 400 Client Error: Bad Request for url: https://ca.account.sony.com/api/authz/v3/oauth/authorize?access_type=offline&client_id=ac8d161a-d966-4728-b0ea-ffec22f69edc&scope=psn%3Aclientapp+psn%3Amobile.v1&redirect_uri=com.playstation.PlayStationApp%3A%2F%2Fredirect&response_type=code

/opt/hostedtoolcache/Python/3.11.0/x64/lib/python3.11/site-packages/requests/models.py:1021: HTTPError
________________ ERROR at setup of test_client__account_devices ________________

    @pytest.fixture(scope="session")
    def psnawp_fixture():
>       return PSNAWP(os.getenv("NPSSO_CODE"))

tests/conftest.py:13: 
_ _ _ _ _ _ _ _ _ _ _ _ _ _ _ _ _ _ _ _ _ _ _ _ _ _ _ _ _ _ _ _ _ _ _ _ _ _ _ _ 
/opt/hostedtoolcache/Python/3.11.0/x64/lib/python3.11/site-packages/psnawp_api/psnawp.py:39: in __init__
    self._request_builder = request_builder.RequestBuilder(authenticator.Authenticator(npsso_cookie))
/opt/hostedtoolcache/Python/3.11.0/x64/lib/python3.11/site-packages/psnawp_api/core/authenticator.py:34: in __init__
    self._authenticate()
/opt/hostedtoolcache/Python/3.11.0/x64/lib/python3.11/site-packages/psnawp_api/core/authenticator.py:112: in _authenticate
    response.raise_for_status()
_ _ _ _ _ _ _ _ _ _ _ _ _ _ _ _ _ _ _ _ _ _ _ _ _ _ _ _ _ _ _ _ _ _ _ _ _ _ _ _ 

self = <Response [400]>

    def raise_for_status(self):
        """Raises :class:`HTTPError`, if one occurred."""
    
        http_error_msg = ""
        if isinstance(self.reason, bytes):
            # We attempt to decode utf-8 first because some servers
            # choose to localize their reason strings. If the string
            # isn't utf-8, we fall back to iso-8859-1 for all other
            # encodings. (See PR #3538)
            try:
                reason = self.reason.decode("utf-8")
            except UnicodeDecodeError:
                reason = self.reason.decode("iso-8859-1")
        else:
            reason = self.reason
    
        if 400 <= self.status_code < 500:
            http_error_msg = (
                f"{self.status_code} Client Error: {reason} for url: {self.url}"
            )
    
        elif 500 <= self.status_code < 600:
            http_error_msg = (
                f"{self.status_code} Server Error: {reason} for url: {self.url}"
            )
    
        if http_error_msg:
>           raise HTTPError(http_error_msg, response=self)
E           requests.exceptions.HTTPError: 400 Client Error: Bad Request for url: https://ca.account.sony.com/api/authz/v3/oauth/authorize?access_type=offline&client_id=ac8d161a-d966-4728-b0ea-ffec22f69edc&scope=psn%3Aclientapp+psn%3Amobile.v1&redirect_uri=com.playstation.PlayStationApp%3A%2F%2Fredirect&response_type=code

/opt/hostedtoolcache/Python/3.11.0/x64/lib/python3.11/site-packages/requests/models.py:1021: HTTPError
__________________ ERROR at setup of test_client__get_friends __________________

    @pytest.fixture(scope="session")
    def psnawp_fixture():
>       return PSNAWP(os.getenv("NPSSO_CODE"))

tests/conftest.py:13: 
_ _ _ _ _ _ _ _ _ _ _ _ _ _ _ _ _ _ _ _ _ _ _ _ _ _ _ _ _ _ _ _ _ _ _ _ _ _ _ _ 
/opt/hostedtoolcache/Python/3.11.0/x64/lib/python3.11/site-packages/psnawp_api/psnawp.py:39: in __init__
    self._request_builder = request_builder.RequestBuilder(authenticator.Authenticator(npsso_cookie))
/opt/hostedtoolcache/Python/3.11.0/x64/lib/python3.11/site-packages/psnawp_api/core/authenticator.py:34: in __init__
    self._authenticate()
/opt/hostedtoolcache/Python/3.11.0/x64/lib/python3.11/site-packages/psnawp_api/core/authenticator.py:112: in _authenticate
    response.raise_for_status()
_ _ _ _ _ _ _ _ _ _ _ _ _ _ _ _ _ _ _ _ _ _ _ _ _ _ _ _ _ _ _ _ _ _ _ _ _ _ _ _ 

self = <Response [400]>

    def raise_for_status(self):
        """Raises :class:`HTTPError`, if one occurred."""
    
        http_error_msg = ""
        if isinstance(self.reason, bytes):
            # We attempt to decode utf-8 first because some servers
            # choose to localize their reason strings. If the string
            # isn't utf-8, we fall back to iso-8859-1 for all other
            # encodings. (See PR #3538)
            try:
                reason = self.reason.decode("utf-8")
            except UnicodeDecodeError:
                reason = self.reason.decode("iso-8859-1")
        else:
            reason = self.reason
    
        if 400 <= self.status_code < 500:
            http_error_msg = (
                f"{self.status_code} Client Error: {reason} for url: {self.url}"
            )
    
        elif 500 <= self.status_code < 600:
            http_error_msg = (
                f"{self.status_code} Server Error: {reason} for url: {self.url}"
            )
    
        if http_error_msg:
>           raise HTTPError(http_error_msg, response=self)
E           requests.exceptions.HTTPError: 400 Client Error: Bad Request for url: https://ca.account.sony.com/api/authz/v3/oauth/authorize?access_type=offline&client_id=ac8d161a-d966-4728-b0ea-ffec22f69edc&scope=psn%3Aclientapp+psn%3Amobile.v1&redirect_uri=com.playstation.PlayStationApp%3A%2F%2Fredirect&response_type=code

/opt/hostedtoolcache/Python/3.11.0/x64/lib/python3.11/site-packages/requests/models.py:1021: HTTPError
__________________ ERROR at setup of test_client__get_groups ___________________

    @pytest.fixture(scope="session")
    def psnawp_fixture():
>       return PSNAWP(os.getenv("NPSSO_CODE"))

tests/conftest.py:13: 
_ _ _ _ _ _ _ _ _ _ _ _ _ _ _ _ _ _ _ _ _ _ _ _ _ _ _ _ _ _ _ _ _ _ _ _ _ _ _ _ 
/opt/hostedtoolcache/Python/3.11.0/x64/lib/python3.11/site-packages/psnawp_api/psnawp.py:39: in __init__
    self._request_builder = request_builder.RequestBuilder(authenticator.Authenticator(npsso_cookie))
/opt/hostedtoolcache/Python/3.11.0/x64/lib/python3.11/site-packages/psnawp_api/core/authenticator.py:34: in __init__
    self._authenticate()
/opt/hostedtoolcache/Python/3.11.0/x64/lib/python3.11/site-packages/psnawp_api/core/authenticator.py:112: in _authenticate
    response.raise_for_status()
_ _ _ _ _ _ _ _ _ _ _ _ _ _ _ _ _ _ _ _ _ _ _ _ _ _ _ _ _ _ _ _ _ _ _ _ _ _ _ _ 

self = <Response [400]>

    def raise_for_status(self):
        """Raises :class:`HTTPError`, if one occurred."""
    
        http_error_msg = ""
        if isinstance(self.reason, bytes):
            # We attempt to decode utf-8 first because some servers
            # choose to localize their reason strings. If the string
            # isn't utf-8, we fall back to iso-8859-1 for all other
            # encodings. (See PR #3538)
            try:
                reason = self.reason.decode("utf-8")
            except UnicodeDecodeError:
                reason = self.reason.decode("iso-8859-1")
        else:
            reason = self.reason
    
        if 400 <= self.status_code < 500:
            http_error_msg = (
                f"{self.status_code} Client Error: {reason} for url: {self.url}"
            )
    
        elif 500 <= self.status_code < 600:
            http_error_msg = (
                f"{self.status_code} Server Error: {reason} for url: {self.url}"
            )
    
        if http_error_msg:
>           raise HTTPError(http_error_msg, response=self)
E           requests.exceptions.HTTPError: 400 Client Error: Bad Request for url: https://ca.account.sony.com/api/authz/v3/oauth/authorize?access_type=offline&client_id=ac8d161a-d966-4728-b0ea-ffec22f69edc&scope=psn%3Aclientapp+psn%3Amobile.v1&redirect_uri=com.playstation.PlayStationApp%3A%2F%2Fredirect&response_type=code

/opt/hostedtoolcache/Python/3.11.0/x64/lib/python3.11/site-packages/requests/models.py:1021: HTTPError
_______________ ERROR at setup of test_client__available_to_play _______________

    @pytest.fixture(scope="session")
    def psnawp_fixture():
>       return PSNAWP(os.getenv("NPSSO_CODE"))

tests/conftest.py:13: 
_ _ _ _ _ _ _ _ _ _ _ _ _ _ _ _ _ _ _ _ _ _ _ _ _ _ _ _ _ _ _ _ _ _ _ _ _ _ _ _ 
/opt/hostedtoolcache/Python/3.11.0/x64/lib/python3.11/site-packages/psnawp_api/psnawp.py:39: in __init__
    self._request_builder = request_builder.RequestBuilder(authenticator.Authenticator(npsso_cookie))
/opt/hostedtoolcache/Python/3.11.0/x64/lib/python3.11/site-packages/psnawp_api/core/authenticator.py:34: in __init__
    self._authenticate()
/opt/hostedtoolcache/Python/3.11.0/x64/lib/python3.11/site-packages/psnawp_api/core/authenticator.py:112: in _authenticate
    response.raise_for_status()
_ _ _ _ _ _ _ _ _ _ _ _ _ _ _ _ _ _ _ _ _ _ _ _ _ _ _ _ _ _ _ _ _ _ _ _ _ _ _ _ 

self = <Response [400]>

    def raise_for_status(self):
        """Raises :class:`HTTPError`, if one occurred."""
    
        http_error_msg = ""
        if isinstance(self.reason, bytes):
            # We attempt to decode utf-8 first because some servers
            # choose to localize their reason strings. If the string
            # isn't utf-8, we fall back to iso-8859-1 for all other
            # encodings. (See PR #3538)
            try:
                reason = self.reason.decode("utf-8")
            except UnicodeDecodeError:
                reason = self.reason.decode("iso-8859-1")
        else:
            reason = self.reason
    
        if 400 <= self.status_code < 500:
            http_error_msg = (
                f"{self.status_code} Client Error: {reason} for url: {self.url}"
            )
    
        elif 500 <= self.status_code < 600:
            http_error_msg = (
                f"{self.status_code} Server Error: {reason} for url: {self.url}"
            )
    
        if http_error_msg:
>           raise HTTPError(http_error_msg, response=self)
E           requests.exceptions.HTTPError: 400 Client Error: Bad Request for url: https://ca.account.sony.com/api/authz/v3/oauth/authorize?access_type=offline&client_id=ac8d161a-d966-4728-b0ea-ffec22f69edc&scope=psn%3Aclientapp+psn%3Amobile.v1&redirect_uri=com.playstation.PlayStationApp%3A%2F%2Fredirect&response_type=code

/opt/hostedtoolcache/Python/3.11.0/x64/lib/python3.11/site-packages/requests/models.py:1021: HTTPError
_________________ ERROR at setup of test_client__blocked_list __________________

    @pytest.fixture(scope="session")
    def psnawp_fixture():
>       return PSNAWP(os.getenv("NPSSO_CODE"))

tests/conftest.py:13: 
_ _ _ _ _ _ _ _ _ _ _ _ _ _ _ _ _ _ _ _ _ _ _ _ _ _ _ _ _ _ _ _ _ _ _ _ _ _ _ _ 
/opt/hostedtoolcache/Python/3.11.0/x64/lib/python3.11/site-packages/psnawp_api/psnawp.py:39: in __init__
    self._request_builder = request_builder.RequestBuilder(authenticator.Authenticator(npsso_cookie))
/opt/hostedtoolcache/Python/3.11.0/x64/lib/python3.11/site-packages/psnawp_api/core/authenticator.py:34: in __init__
    self._authenticate()
/opt/hostedtoolcache/Python/3.11.0/x64/lib/python3.11/site-packages/psnawp_api/core/authenticator.py:112: in _authenticate
    response.raise_for_status()
_ _ _ _ _ _ _ _ _ _ _ _ _ _ _ _ _ _ _ _ _ _ _ _ _ _ _ _ _ _ _ _ _ _ _ _ _ _ _ _ 

self = <Response [400]>

    def raise_for_status(self):
        """Raises :class:`HTTPError`, if one occurred."""
    
        http_error_msg = ""
        if isinstance(self.reason, bytes):
            # We attempt to decode utf-8 first because some servers
            # choose to localize their reason strings. If the string
            # isn't utf-8, we fall back to iso-8859-1 for all other
            # encodings. (See PR #3538)
            try:
                reason = self.reason.decode("utf-8")
            except UnicodeDecodeError:
                reason = self.reason.decode("iso-8859-1")
        else:
            reason = self.reason
    
        if 400 <= self.status_code < 500:
            http_error_msg = (
                f"{self.status_code} Client Error: {reason} for url: {self.url}"
            )
    
        elif 500 <= self.status_code < 600:
            http_error_msg = (
                f"{self.status_code} Server Error: {reason} for url: {self.url}"
            )
    
        if http_error_msg:
>           raise HTTPError(http_error_msg, response=self)
E           requests.exceptions.HTTPError: 400 Client Error: Bad Request for url: https://ca.account.sony.com/api/authz/v3/oauth/authorize?access_type=offline&client_id=ac8d161a-d966-4728-b0ea-ffec22f69edc&scope=psn%3Aclientapp+psn%3Amobile.v1&redirect_uri=com.playstation.PlayStationApp%3A%2F%2Fredirect&response_type=code

/opt/hostedtoolcache/Python/3.11.0/x64/lib/python3.11/site-packages/requests/models.py:1021: HTTPError
________________ ERROR at setup of test_client__trophy_summary _________________

    @pytest.fixture(scope="session")
    def psnawp_fixture():
>       return PSNAWP(os.getenv("NPSSO_CODE"))

tests/conftest.py:13: 
_ _ _ _ _ _ _ _ _ _ _ _ _ _ _ _ _ _ _ _ _ _ _ _ _ _ _ _ _ _ _ _ _ _ _ _ _ _ _ _ 
/opt/hostedtoolcache/Python/3.11.0/x64/lib/python3.11/site-packages/psnawp_api/psnawp.py:39: in __init__
    self._request_builder = request_builder.RequestBuilder(authenticator.Authenticator(npsso_cookie))
/opt/hostedtoolcache/Python/3.11.0/x64/lib/python3.11/site-packages/psnawp_api/core/authenticator.py:34: in __init__
    self._authenticate()
/opt/hostedtoolcache/Python/3.11.0/x64/lib/python3.11/site-packages/psnawp_api/core/authenticator.py:112: in _authenticate
    response.raise_for_status()
_ _ _ _ _ _ _ _ _ _ _ _ _ _ _ _ _ _ _ _ _ _ _ _ _ _ _ _ _ _ _ _ _ _ _ _ _ _ _ _ 

self = <Response [400]>

    def raise_for_status(self):
        """Raises :class:`HTTPError`, if one occurred."""
    
        http_error_msg = ""
        if isinstance(self.reason, bytes):
            # We attempt to decode utf-8 first because some servers
            # choose to localize their reason strings. If the string
            # isn't utf-8, we fall back to iso-8859-1 for all other
            # encodings. (See PR #3538)
            try:
                reason = self.reason.decode("utf-8")
            except UnicodeDecodeError:
                reason = self.reason.decode("iso-8859-1")
        else:
            reason = self.reason
    
        if 400 <= self.status_code < 500:
            http_error_msg = (
                f"{self.status_code} Client Error: {reason} for url: {self.url}"
            )
    
        elif 500 <= self.status_code < 600:
            http_error_msg = (
                f"{self.status_code} Server Error: {reason} for url: {self.url}"
            )
    
        if http_error_msg:
>           raise HTTPError(http_error_msg, response=self)
E           requests.exceptions.HTTPError: 400 Client Error: Bad Request for url: https://ca.account.sony.com/api/authz/v3/oauth/authorize?access_type=offline&client_id=ac8d161a-d966-4728-b0ea-ffec22f69edc&scope=psn%3Aclientapp+psn%3Amobile.v1&redirect_uri=com.playstation.PlayStationApp%3A%2F%2Fredirect&response_type=code

/opt/hostedtoolcache/Python/3.11.0/x64/lib/python3.11/site-packages/requests/models.py:1021: HTTPError
_________________ ERROR at setup of test_client__trophy_titles _________________

    @pytest.fixture(scope="session")
    def psnawp_fixture():
>       return PSNAWP(os.getenv("NPSSO_CODE"))

tests/conftest.py:13: 
_ _ _ _ _ _ _ _ _ _ _ _ _ _ _ _ _ _ _ _ _ _ _ _ _ _ _ _ _ _ _ _ _ _ _ _ _ _ _ _ 
/opt/hostedtoolcache/Python/3.11.0/x64/lib/python3.11/site-packages/psnawp_api/psnawp.py:39: in __init__
    self._request_builder = request_builder.RequestBuilder(authenticator.Authenticator(npsso_cookie))
/opt/hostedtoolcache/Python/3.11.0/x64/lib/python3.11/site-packages/psnawp_api/core/authenticator.py:34: in __init__
    self._authenticate()
/opt/hostedtoolcache/Python/3.11.0/x64/lib/python3.11/site-packages/psnawp_api/core/authenticator.py:112: in _authenticate
    response.raise_for_status()
_ _ _ _ _ _ _ _ _ _ _ _ _ _ _ _ _ _ _ _ _ _ _ _ _ _ _ _ _ _ _ _ _ _ _ _ _ _ _ _ 

self = <Response [400]>

    def raise_for_status(self):
        """Raises :class:`HTTPError`, if one occurred."""
    
        http_error_msg = ""
        if isinstance(self.reason, bytes):
            # We attempt to decode utf-8 first because some servers
            # choose to localize their reason strings. If the string
            # isn't utf-8, we fall back to iso-8859-1 for all other
            # encodings. (See PR #3538)
            try:
                reason = self.reason.decode("utf-8")
            except UnicodeDecodeError:
                reason = self.reason.decode("iso-8859-1")
        else:
            reason = self.reason
    
        if 400 <= self.status_code < 500:
            http_error_msg = (
                f"{self.status_code} Client Error: {reason} for url: {self.url}"
            )
    
        elif 500 <= self.status_code < 600:
            http_error_msg = (
                f"{self.status_code} Server Error: {reason} for url: {self.url}"
            )
    
        if http_error_msg:
>           raise HTTPError(http_error_msg, response=self)
E           requests.exceptions.HTTPError: 400 Client Error: Bad Request for url: https://ca.account.sony.com/api/authz/v3/oauth/authorize?access_type=offline&client_id=ac8d161a-d966-4728-b0ea-ffec22f69edc&scope=psn%3Aclientapp+psn%3Amobile.v1&redirect_uri=com.playstation.PlayStationApp%3A%2F%2Fredirect&response_type=code

/opt/hostedtoolcache/Python/3.11.0/x64/lib/python3.11/site-packages/requests/models.py:1021: HTTPError
____________ ERROR at setup of test_client__trophy_titles_for_title ____________

    @pytest.fixture(scope="session")
    def psnawp_fixture():
>       return PSNAWP(os.getenv("NPSSO_CODE"))

tests/conftest.py:13: 
_ _ _ _ _ _ _ _ _ _ _ _ _ _ _ _ _ _ _ _ _ _ _ _ _ _ _ _ _ _ _ _ _ _ _ _ _ _ _ _ 
/opt/hostedtoolcache/Python/3.11.0/x64/lib/python3.11/site-packages/psnawp_api/psnawp.py:39: in __init__
    self._request_builder = request_builder.RequestBuilder(authenticator.Authenticator(npsso_cookie))
/opt/hostedtoolcache/Python/3.11.0/x64/lib/python3.11/site-packages/psnawp_api/core/authenticator.py:34: in __init__
    self._authenticate()
/opt/hostedtoolcache/Python/3.11.0/x64/lib/python3.11/site-packages/psnawp_api/core/authenticator.py:112: in _authenticate
    response.raise_for_status()
_ _ _ _ _ _ _ _ _ _ _ _ _ _ _ _ _ _ _ _ _ _ _ _ _ _ _ _ _ _ _ _ _ _ _ _ _ _ _ _ 

self = <Response [400]>

    def raise_for_status(self):
        """Raises :class:`HTTPError`, if one occurred."""
    
        http_error_msg = ""
        if isinstance(self.reason, bytes):
            # We attempt to decode utf-8 first because some servers
            # choose to localize their reason strings. If the string
            # isn't utf-8, we fall back to iso-8859-1 for all other
            # encodings. (See PR #3538)
            try:
                reason = self.reason.decode("utf-8")
            except UnicodeDecodeError:
                reason = self.reason.decode("iso-8859-1")
        else:
            reason = self.reason
    
        if 400 <= self.status_code < 500:
            http_error_msg = (
                f"{self.status_code} Client Error: {reason} for url: {self.url}"
            )
    
        elif 500 <= self.status_code < 600:
            http_error_msg = (
                f"{self.status_code} Server Error: {reason} for url: {self.url}"
            )
    
        if http_error_msg:
>           raise HTTPError(http_error_msg, response=self)
E           requests.exceptions.HTTPError: 400 Client Error: Bad Request for url: https://ca.account.sony.com/api/authz/v3/oauth/authorize?access_type=offline&client_id=ac8d161a-d966-4728-b0ea-ffec22f69edc&scope=psn%3Aclientapp+psn%3Amobile.v1&redirect_uri=com.playstation.PlayStationApp%3A%2F%2Fredirect&response_type=code

/opt/hostedtoolcache/Python/3.11.0/x64/lib/python3.11/site-packages/requests/models.py:1021: HTTPError
___________________ ERROR at setup of test_client__trophies ____________________

    @pytest.fixture(scope="session")
    def psnawp_fixture():
>       return PSNAWP(os.getenv("NPSSO_CODE"))

tests/conftest.py:13: 
_ _ _ _ _ _ _ _ _ _ _ _ _ _ _ _ _ _ _ _ _ _ _ _ _ _ _ _ _ _ _ _ _ _ _ _ _ _ _ _ 
/opt/hostedtoolcache/Python/3.11.0/x64/lib/python3.11/site-packages/psnawp_api/psnawp.py:39: in __init__
    self._request_builder = request_builder.RequestBuilder(authenticator.Authenticator(npsso_cookie))
/opt/hostedtoolcache/Python/3.11.0/x64/lib/python3.11/site-packages/psnawp_api/core/authenticator.py:34: in __init__
    self._authenticate()
/opt/hostedtoolcache/Python/3.11.0/x64/lib/python3.11/site-packages/psnawp_api/core/authenticator.py:112: in _authenticate
    response.raise_for_status()
_ _ _ _ _ _ _ _ _ _ _ _ _ _ _ _ _ _ _ _ _ _ _ _ _ _ _ _ _ _ _ _ _ _ _ _ _ _ _ _ 

self = <Response [400]>

    def raise_for_status(self):
        """Raises :class:`HTTPError`, if one occurred."""
    
        http_error_msg = ""
        if isinstance(self.reason, bytes):
            # We attempt to decode utf-8 first because some servers
            # choose to localize their reason strings. If the string
            # isn't utf-8, we fall back to iso-8859-1 for all other
            # encodings. (See PR #3538)
            try:
                reason = self.reason.decode("utf-8")
            except UnicodeDecodeError:
                reason = self.reason.decode("iso-8859-1")
        else:
            reason = self.reason
    
        if 400 <= self.status_code < 500:
            http_error_msg = (
                f"{self.status_code} Client Error: {reason} for url: {self.url}"
            )
    
        elif 500 <= self.status_code < 600:
            http_error_msg = (
                f"{self.status_code} Server Error: {reason} for url: {self.url}"
            )
    
        if http_error_msg:
>           raise HTTPError(http_error_msg, response=self)
E           requests.exceptions.HTTPError: 400 Client Error: Bad Request for url: https://ca.account.sony.com/api/authz/v3/oauth/authorize?access_type=offline&client_id=ac8d161a-d966-4728-b0ea-ffec22f69edc&scope=psn%3Aclientapp+psn%3Amobile.v1&redirect_uri=com.playstation.PlayStationApp%3A%2F%2Fredirect&response_type=code

/opt/hostedtoolcache/Python/3.11.0/x64/lib/python3.11/site-packages/requests/models.py:1021: HTTPError
_____________ ERROR at setup of test_client__trophy_groups_summary _____________

    @pytest.fixture(scope="session")
    def psnawp_fixture():
>       return PSNAWP(os.getenv("NPSSO_CODE"))

tests/conftest.py:13: 
_ _ _ _ _ _ _ _ _ _ _ _ _ _ _ _ _ _ _ _ _ _ _ _ _ _ _ _ _ _ _ _ _ _ _ _ _ _ _ _ 
/opt/hostedtoolcache/Python/3.11.0/x64/lib/python3.11/site-packages/psnawp_api/psnawp.py:39: in __init__
    self._request_builder = request_builder.RequestBuilder(authenticator.Authenticator(npsso_cookie))
/opt/hostedtoolcache/Python/3.11.0/x64/lib/python3.11/site-packages/psnawp_api/core/authenticator.py:34: in __init__
    self._authenticate()
/opt/hostedtoolcache/Python/3.11.0/x64/lib/python3.11/site-packages/psnawp_api/core/authenticator.py:112: in _authenticate
    response.raise_for_status()
_ _ _ _ _ _ _ _ _ _ _ _ _ _ _ _ _ _ _ _ _ _ _ _ _ _ _ _ _ _ _ _ _ _ _ _ _ _ _ _ 

self = <Response [400]>

    def raise_for_status(self):
        """Raises :class:`HTTPError`, if one occurred."""
    
        http_error_msg = ""
        if isinstance(self.reason, bytes):
            # We attempt to decode utf-8 first because some servers
            # choose to localize their reason strings. If the string
            # isn't utf-8, we fall back to iso-8859-1 for all other
            # encodings. (See PR #3538)
            try:
                reason = self.reason.decode("utf-8")
            except UnicodeDecodeError:
                reason = self.reason.decode("iso-8859-1")
        else:
            reason = self.reason
    
        if 400 <= self.status_code < 500:
            http_error_msg = (
                f"{self.status_code} Client Error: {reason} for url: {self.url}"
            )
    
        elif 500 <= self.status_code < 600:
            http_error_msg = (
                f"{self.status_code} Server Error: {reason} for url: {self.url}"
            )
    
        if http_error_msg:
>           raise HTTPError(http_error_msg, response=self)
E           requests.exceptions.HTTPError: 400 Client Error: Bad Request for url: https://ca.account.sony.com/api/authz/v3/oauth/authorize?access_type=offline&client_id=ac8d161a-d966-4728-b0ea-ffec22f69edc&scope=psn%3Aclientapp+psn%3Amobile.v1&redirect_uri=com.playstation.PlayStationApp%3A%2F%2Fredirect&response_type=code

/opt/hostedtoolcache/Python/3.11.0/x64/lib/python3.11/site-packages/requests/models.py:1021: HTTPError
_________________ ERROR at setup of test_client__repr_and_str __________________

    @pytest.fixture(scope="session")
    def psnawp_fixture():
>       return PSNAWP(os.getenv("NPSSO_CODE"))

tests/conftest.py:13: 
_ _ _ _ _ _ _ _ _ _ _ _ _ _ _ _ _ _ _ _ _ _ _ _ _ _ _ _ _ _ _ _ _ _ _ _ _ _ _ _ 
/opt/hostedtoolcache/Python/3.11.0/x64/lib/python3.11/site-packages/psnawp_api/psnawp.py:39: in __init__
    self._request_builder = request_builder.RequestBuilder(authenticator.Authenticator(npsso_cookie))
/opt/hostedtoolcache/Python/3.11.0/x64/lib/python3.11/site-packages/psnawp_api/core/authenticator.py:34: in __init__
    self._authenticate()
/opt/hostedtoolcache/Python/3.11.0/x64/lib/python3.11/site-packages/psnawp_api/core/authenticator.py:112: in _authenticate
    response.raise_for_status()
_ _ _ _ _ _ _ _ _ _ _ _ _ _ _ _ _ _ _ _ _ _ _ _ _ _ _ _ _ _ _ _ _ _ _ _ _ _ _ _ 

self = <Response [400]>

    def raise_for_status(self):
        """Raises :class:`HTTPError`, if one occurred."""
    
        http_error_msg = ""
        if isinstance(self.reason, bytes):
            # We attempt to decode utf-8 first because some servers
            # choose to localize their reason strings. If the string
            # isn't utf-8, we fall back to iso-8859-1 for all other
            # encodings. (See PR #3538)
            try:
                reason = self.reason.decode("utf-8")
            except UnicodeDecodeError:
                reason = self.reason.decode("iso-8859-1")
        else:
            reason = self.reason
    
        if 400 <= self.status_code < 500:
            http_error_msg = (
                f"{self.status_code} Client Error: {reason} for url: {self.url}"
            )
    
        elif 500 <= self.status_code < 600:
            http_error_msg = (
                f"{self.status_code} Server Error: {reason} for url: {self.url}"
            )
    
        if http_error_msg:
>           raise HTTPError(http_error_msg, response=self)
E           requests.exceptions.HTTPError: 400 Client Error: Bad Request for url: https://ca.account.sony.com/api/authz/v3/oauth/authorize?access_type=offline&client_id=ac8d161a-d966-4728-b0ea-ffec22f69edc&scope=psn%3Aclientapp+psn%3Amobile.v1&redirect_uri=com.playstation.PlayStationApp%3A%2F%2Fredirect&response_type=code

/opt/hostedtoolcache/Python/3.11.0/x64/lib/python3.11/site-packages/requests/models.py:1021: HTTPError
____________ ERROR at setup of test_game_title__np_communication_id ____________

    @pytest.fixture(scope="session")
    def psnawp_fixture():
>       return PSNAWP(os.getenv("NPSSO_CODE"))

tests/conftest.py:13: 
_ _ _ _ _ _ _ _ _ _ _ _ _ _ _ _ _ _ _ _ _ _ _ _ _ _ _ _ _ _ _ _ _ _ _ _ _ _ _ _ 
/opt/hostedtoolcache/Python/3.11.0/x64/lib/python3.11/site-packages/psnawp_api/psnawp.py:39: in __init__
    self._request_builder = request_builder.RequestBuilder(authenticator.Authenticator(npsso_cookie))
/opt/hostedtoolcache/Python/3.11.0/x64/lib/python3.11/site-packages/psnawp_api/core/authenticator.py:34: in __init__
    self._authenticate()
/opt/hostedtoolcache/Python/3.11.0/x64/lib/python3.11/site-packages/psnawp_api/core/authenticator.py:112: in _authenticate
    response.raise_for_status()
_ _ _ _ _ _ _ _ _ _ _ _ _ _ _ _ _ _ _ _ _ _ _ _ _ _ _ _ _ _ _ _ _ _ _ _ _ _ _ _ 

self = <Response [400]>

    def raise_for_status(self):
        """Raises :class:`HTTPError`, if one occurred."""
    
        http_error_msg = ""
        if isinstance(self.reason, bytes):
            # We attempt to decode utf-8 first because some servers
            # choose to localize their reason strings. If the string
            # isn't utf-8, we fall back to iso-8859-1 for all other
            # encodings. (See PR #3538)
            try:
                reason = self.reason.decode("utf-8")
            except UnicodeDecodeError:
                reason = self.reason.decode("iso-8859-1")
        else:
            reason = self.reason
    
        if 400 <= self.status_code < 500:
            http_error_msg = (
                f"{self.status_code} Client Error: {reason} for url: {self.url}"
            )
    
        elif 500 <= self.status_code < 600:
            http_error_msg = (
                f"{self.status_code} Server Error: {reason} for url: {self.url}"
            )
    
        if http_error_msg:
>           raise HTTPError(http_error_msg, response=self)
E           requests.exceptions.HTTPError: 400 Client Error: Bad Request for url: https://ca.account.sony.com/api/authz/v3/oauth/authorize?access_type=offline&client_id=ac8d161a-d966-4728-b0ea-ffec22f69edc&scope=psn%3Aclientapp+psn%3Amobile.v1&redirect_uri=com.playstation.PlayStationApp%3A%2F%2Fredirect&response_type=code

/opt/hostedtoolcache/Python/3.11.0/x64/lib/python3.11/site-packages/requests/models.py:1021: HTTPError
______________ ERROR at setup of test_game_title__wrong_title_id _______________

    @pytest.fixture(scope="session")
    def psnawp_fixture():
>       return PSNAWP(os.getenv("NPSSO_CODE"))

tests/conftest.py:13: 
_ _ _ _ _ _ _ _ _ _ _ _ _ _ _ _ _ _ _ _ _ _ _ _ _ _ _ _ _ _ _ _ _ _ _ _ _ _ _ _ 
/opt/hostedtoolcache/Python/3.11.0/x64/lib/python3.11/site-packages/psnawp_api/psnawp.py:39: in __init__
    self._request_builder = request_builder.RequestBuilder(authenticator.Authenticator(npsso_cookie))
/opt/hostedtoolcache/Python/3.11.0/x64/lib/python3.11/site-packages/psnawp_api/core/authenticator.py:34: in __init__
    self._authenticate()
/opt/hostedtoolcache/Python/3.11.0/x64/lib/python3.11/site-packages/psnawp_api/core/authenticator.py:112: in _authenticate
    response.raise_for_status()
_ _ _ _ _ _ _ _ _ _ _ _ _ _ _ _ _ _ _ _ _ _ _ _ _ _ _ _ _ _ _ _ _ _ _ _ _ _ _ _ 

self = <Response [400]>

    def raise_for_status(self):
        """Raises :class:`HTTPError`, if one occurred."""
    
        http_error_msg = ""
        if isinstance(self.reason, bytes):
            # We attempt to decode utf-8 first because some servers
            # choose to localize their reason strings. If the string
            # isn't utf-8, we fall back to iso-8859-1 for all other
            # encodings. (See PR #3538)
            try:
                reason = self.reason.decode("utf-8")
            except UnicodeDecodeError:
                reason = self.reason.decode("iso-8859-1")
        else:
            reason = self.reason
    
        if 400 <= self.status_code < 500:
            http_error_msg = (
                f"{self.status_code} Client Error: {reason} for url: {self.url}"
            )
    
        elif 500 <= self.status_code < 600:
            http_error_msg = (
                f"{self.status_code} Server Error: {reason} for url: {self.url}"
            )
    
        if http_error_msg:
>           raise HTTPError(http_error_msg, response=self)
E           requests.exceptions.HTTPError: 400 Client Error: Bad Request for url: https://ca.account.sony.com/api/authz/v3/oauth/authorize?access_type=offline&client_id=ac8d161a-d966-4728-b0ea-ffec22f69edc&scope=psn%3Aclientapp+psn%3Amobile.v1&redirect_uri=com.playstation.PlayStationApp%3A%2F%2Fredirect&response_type=code

/opt/hostedtoolcache/Python/3.11.0/x64/lib/python3.11/site-packages/requests/models.py:1021: HTTPError
_____________ ERROR at setup of test_game_title__get_title_details _____________

    @pytest.fixture(scope="session")
    def psnawp_fixture():
>       return PSNAWP(os.getenv("NPSSO_CODE"))

tests/conftest.py:13: 
_ _ _ _ _ _ _ _ _ _ _ _ _ _ _ _ _ _ _ _ _ _ _ _ _ _ _ _ _ _ _ _ _ _ _ _ _ _ _ _ 
/opt/hostedtoolcache/Python/3.11.0/x64/lib/python3.11/site-packages/psnawp_api/psnawp.py:39: in __init__
    self._request_builder = request_builder.RequestBuilder(authenticator.Authenticator(npsso_cookie))
/opt/hostedtoolcache/Python/3.11.0/x64/lib/python3.11/site-packages/psnawp_api/core/authenticator.py:34: in __init__
    self._authenticate()
/opt/hostedtoolcache/Python/3.11.0/x64/lib/python3.11/site-packages/psnawp_api/core/authenticator.py:112: in _authenticate
    response.raise_for_status()
_ _ _ _ _ _ _ _ _ _ _ _ _ _ _ _ _ _ _ _ _ _ _ _ _ _ _ _ _ _ _ _ _ _ _ _ _ _ _ _ 

self = <Response [400]>

    def raise_for_status(self):
        """Raises :class:`HTTPError`, if one occurred."""
    
        http_error_msg = ""
        if isinstance(self.reason, bytes):
            # We attempt to decode utf-8 first because some servers
            # choose to localize their reason strings. If the string
            # isn't utf-8, we fall back to iso-8859-1 for all other
            # encodings. (See PR #3538)
            try:
                reason = self.reason.decode("utf-8")
            except UnicodeDecodeError:
                reason = self.reason.decode("iso-8859-1")
        else:
            reason = self.reason
    
        if 400 <= self.status_code < 500:
            http_error_msg = (
                f"{self.status_code} Client Error: {reason} for url: {self.url}"
            )
    
        elif 500 <= self.status_code < 600:
            http_error_msg = (
                f"{self.status_code} Server Error: {reason} for url: {self.url}"
            )
    
        if http_error_msg:
>           raise HTTPError(http_error_msg, response=self)
E           requests.exceptions.HTTPError: 400 Client Error: Bad Request for url: https://ca.account.sony.com/api/authz/v3/oauth/authorize?access_type=offline&client_id=ac8d161a-d966-4728-b0ea-ffec22f69edc&scope=psn%3Aclientapp+psn%3Amobile.v1&redirect_uri=com.playstation.PlayStationApp%3A%2F%2Fredirect&response_type=code

/opt/hostedtoolcache/Python/3.11.0/x64/lib/python3.11/site-packages/requests/models.py:1021: HTTPError
_________________ ERROR at setup of test_game_title__trophies __________________

    @pytest.fixture(scope="session")
    def psnawp_fixture():
>       return PSNAWP(os.getenv("NPSSO_CODE"))

tests/conftest.py:13: 
_ _ _ _ _ _ _ _ _ _ _ _ _ _ _ _ _ _ _ _ _ _ _ _ _ _ _ _ _ _ _ _ _ _ _ _ _ _ _ _ 
/opt/hostedtoolcache/Python/3.11.0/x64/lib/python3.11/site-packages/psnawp_api/psnawp.py:39: in __init__
    self._request_builder = request_builder.RequestBuilder(authenticator.Authenticator(npsso_cookie))
/opt/hostedtoolcache/Python/3.11.0/x64/lib/python3.11/site-packages/psnawp_api/core/authenticator.py:34: in __init__
    self._authenticate()
/opt/hostedtoolcache/Python/3.11.0/x64/lib/python3.11/site-packages/psnawp_api/core/authenticator.py:112: in _authenticate
    response.raise_for_status()
_ _ _ _ _ _ _ _ _ _ _ _ _ _ _ _ _ _ _ _ _ _ _ _ _ _ _ _ _ _ _ _ _ _ _ _ _ _ _ _ 

self = <Response [400]>

    def raise_for_status(self):
        """Raises :class:`HTTPError`, if one occurred."""
    
        http_error_msg = ""
        if isinstance(self.reason, bytes):
            # We attempt to decode utf-8 first because some servers
            # choose to localize their reason strings. If the string
            # isn't utf-8, we fall back to iso-8859-1 for all other
            # encodings. (See PR #3538)
            try:
                reason = self.reason.decode("utf-8")
            except UnicodeDecodeError:
                reason = self.reason.decode("iso-8859-1")
        else:
            reason = self.reason
    
        if 400 <= self.status_code < 500:
            http_error_msg = (
                f"{self.status_code} Client Error: {reason} for url: {self.url}"
            )
    
        elif 500 <= self.status_code < 600:
            http_error_msg = (
                f"{self.status_code} Server Error: {reason} for url: {self.url}"
            )
    
        if http_error_msg:
>           raise HTTPError(http_error_msg, response=self)
E           requests.exceptions.HTTPError: 400 Client Error: Bad Request for url: https://ca.account.sony.com/api/authz/v3/oauth/authorize?access_type=offline&client_id=ac8d161a-d966-4728-b0ea-ffec22f69edc&scope=psn%3Aclientapp+psn%3Amobile.v1&redirect_uri=com.playstation.PlayStationApp%3A%2F%2Fredirect&response_type=code

/opt/hostedtoolcache/Python/3.11.0/x64/lib/python3.11/site-packages/requests/models.py:1021: HTTPError
___________ ERROR at setup of test_game_title__trophy_groups_summary ___________

    @pytest.fixture(scope="session")
    def psnawp_fixture():
>       return PSNAWP(os.getenv("NPSSO_CODE"))

tests/conftest.py:13: 
_ _ _ _ _ _ _ _ _ _ _ _ _ _ _ _ _ _ _ _ _ _ _ _ _ _ _ _ _ _ _ _ _ _ _ _ _ _ _ _ 
/opt/hostedtoolcache/Python/3.11.0/x64/lib/python3.11/site-packages/psnawp_api/psnawp.py:39: in __init__
    self._request_builder = request_builder.RequestBuilder(authenticator.Authenticator(npsso_cookie))
/opt/hostedtoolcache/Python/3.11.0/x64/lib/python3.11/site-packages/psnawp_api/core/authenticator.py:34: in __init__
    self._authenticate()
/opt/hostedtoolcache/Python/3.11.0/x64/lib/python3.11/site-packages/psnawp_api/core/authenticator.py:112: in _authenticate
    response.raise_for_status()
_ _ _ _ _ _ _ _ _ _ _ _ _ _ _ _ _ _ _ _ _ _ _ _ _ _ _ _ _ _ _ _ _ _ _ _ _ _ _ _ 

self = <Response [400]>

    def raise_for_status(self):
        """Raises :class:`HTTPError`, if one occurred."""
    
        http_error_msg = ""
        if isinstance(self.reason, bytes):
            # We attempt to decode utf-8 first because some servers
            # choose to localize their reason strings. If the string
            # isn't utf-8, we fall back to iso-8859-1 for all other
            # encodings. (See PR #3538)
            try:
                reason = self.reason.decode("utf-8")
            except UnicodeDecodeError:
                reason = self.reason.decode("iso-8859-1")
        else:
            reason = self.reason
    
        if 400 <= self.status_code < 500:
            http_error_msg = (
                f"{self.status_code} Client Error: {reason} for url: {self.url}"
            )
    
        elif 500 <= self.status_code < 600:
            http_error_msg = (
                f"{self.status_code} Server Error: {reason} for url: {self.url}"
            )
    
        if http_error_msg:
>           raise HTTPError(http_error_msg, response=self)
E           requests.exceptions.HTTPError: 400 Client Error: Bad Request for url: https://ca.account.sony.com/api/authz/v3/oauth/authorize?access_type=offline&client_id=ac8d161a-d966-4728-b0ea-ffec22f69edc&scope=psn%3Aclientapp+psn%3Amobile.v1&redirect_uri=com.playstation.PlayStationApp%3A%2F%2Fredirect&response_type=code

/opt/hostedtoolcache/Python/3.11.0/x64/lib/python3.11/site-packages/requests/models.py:1021: HTTPError
______ ERROR at setup of test_game_title__trophies_game_not_owned_by_user ______

    @pytest.fixture(scope="session")
    def psnawp_fixture():
>       return PSNAWP(os.getenv("NPSSO_CODE"))

tests/conftest.py:13: 
_ _ _ _ _ _ _ _ _ _ _ _ _ _ _ _ _ _ _ _ _ _ _ _ _ _ _ _ _ _ _ _ _ _ _ _ _ _ _ _ 
/opt/hostedtoolcache/Python/3.11.0/x64/lib/python3.11/site-packages/psnawp_api/psnawp.py:39: in __init__
    self._request_builder = request_builder.RequestBuilder(authenticator.Authenticator(npsso_cookie))
/opt/hostedtoolcache/Python/3.11.0/x64/lib/python3.11/site-packages/psnawp_api/core/authenticator.py:34: in __init__
    self._authenticate()
/opt/hostedtoolcache/Python/3.11.0/x64/lib/python3.11/site-packages/psnawp_api/core/authenticator.py:112: in _authenticate
    response.raise_for_status()
_ _ _ _ _ _ _ _ _ _ _ _ _ _ _ _ _ _ _ _ _ _ _ _ _ _ _ _ _ _ _ _ _ _ _ _ _ _ _ _ 

self = <Response [400]>

    def raise_for_status(self):
        """Raises :class:`HTTPError`, if one occurred."""
    
        http_error_msg = ""
        if isinstance(self.reason, bytes):
            # We attempt to decode utf-8 first because some servers
            # choose to localize their reason strings. If the string
            # isn't utf-8, we fall back to iso-8859-1 for all other
            # encodings. (See PR #3538)
            try:
                reason = self.reason.decode("utf-8")
            except UnicodeDecodeError:
                reason = self.reason.decode("iso-8859-1")
        else:
            reason = self.reason
    
        if 400 <= self.status_code < 500:
            http_error_msg = (
                f"{self.status_code} Client Error: {reason} for url: {self.url}"
            )
    
        elif 500 <= self.status_code < 600:
            http_error_msg = (
                f"{self.status_code} Server Error: {reason} for url: {self.url}"
            )
    
        if http_error_msg:
>           raise HTTPError(http_error_msg, response=self)
E           requests.exceptions.HTTPError: 400 Client Error: Bad Request for url: https://ca.account.sony.com/api/authz/v3/oauth/authorize?access_type=offline&client_id=ac8d161a-d966-4728-b0ea-ffec22f69edc&scope=psn%3Aclientapp+psn%3Amobile.v1&redirect_uri=com.playstation.PlayStationApp%3A%2F%2Fredirect&response_type=code

/opt/hostedtoolcache/Python/3.11.0/x64/lib/python3.11/site-packages/requests/models.py:1021: HTTPError
_ ERROR at setup of test_game_title__trophy_groups_summary_game_not_owned_by_user _

    @pytest.fixture(scope="session")
    def psnawp_fixture():
>       return PSNAWP(os.getenv("NPSSO_CODE"))

tests/conftest.py:13: 
_ _ _ _ _ _ _ _ _ _ _ _ _ _ _ _ _ _ _ _ _ _ _ _ _ _ _ _ _ _ _ _ _ _ _ _ _ _ _ _ 
/opt/hostedtoolcache/Python/3.11.0/x64/lib/python3.11/site-packages/psnawp_api/psnawp.py:39: in __init__
    self._request_builder = request_builder.RequestBuilder(authenticator.Authenticator(npsso_cookie))
/opt/hostedtoolcache/Python/3.11.0/x64/lib/python3.11/site-packages/psnawp_api/core/authenticator.py:34: in __init__
    self._authenticate()
/opt/hostedtoolcache/Python/3.11.0/x64/lib/python3.11/site-packages/psnawp_api/core/authenticator.py:112: in _authenticate
    response.raise_for_status()
_ _ _ _ _ _ _ _ _ _ _ _ _ _ _ _ _ _ _ _ _ _ _ _ _ _ _ _ _ _ _ _ _ _ _ _ _ _ _ _ 

self = <Response [400]>

    def raise_for_status(self):
        """Raises :class:`HTTPError`, if one occurred."""
    
        http_error_msg = ""
        if isinstance(self.reason, bytes):
            # We attempt to decode utf-8 first because some servers
            # choose to localize their reason strings. If the string
            # isn't utf-8, we fall back to iso-8859-1 for all other
            # encodings. (See PR #3538)
            try:
                reason = self.reason.decode("utf-8")
            except UnicodeDecodeError:
                reason = self.reason.decode("iso-8859-1")
        else:
            reason = self.reason
    
        if 400 <= self.status_code < 500:
            http_error_msg = (
                f"{self.status_code} Client Error: {reason} for url: {self.url}"
            )
    
        elif 500 <= self.status_code < 600:
            http_error_msg = (
                f"{self.status_code} Server Error: {reason} for url: {self.url}"
            )
    
        if http_error_msg:
>           raise HTTPError(http_error_msg, response=self)
E           requests.exceptions.HTTPError: 400 Client Error: Bad Request for url: https://ca.account.sony.com/api/authz/v3/oauth/authorize?access_type=offline&client_id=ac8d161a-d966-4728-b0ea-ffec22f69edc&scope=psn%3Aclientapp+psn%3Amobile.v1&redirect_uri=com.playstation.PlayStationApp%3A%2F%2Fredirect&response_type=code

/opt/hostedtoolcache/Python/3.11.0/x64/lib/python3.11/site-packages/requests/models.py:1021: HTTPError
___ ERROR at setup of test_game_title__trophies_invalid_np_communication_id ____

    @pytest.fixture(scope="session")
    def psnawp_fixture():
>       return PSNAWP(os.getenv("NPSSO_CODE"))

tests/conftest.py:13: 
_ _ _ _ _ _ _ _ _ _ _ _ _ _ _ _ _ _ _ _ _ _ _ _ _ _ _ _ _ _ _ _ _ _ _ _ _ _ _ _ 
/opt/hostedtoolcache/Python/3.11.0/x64/lib/python3.11/site-packages/psnawp_api/psnawp.py:39: in __init__
    self._request_builder = request_builder.RequestBuilder(authenticator.Authenticator(npsso_cookie))
/opt/hostedtoolcache/Python/3.11.0/x64/lib/python3.11/site-packages/psnawp_api/core/authenticator.py:34: in __init__
    self._authenticate()
/opt/hostedtoolcache/Python/3.11.0/x64/lib/python3.11/site-packages/psnawp_api/core/authenticator.py:112: in _authenticate
    response.raise_for_status()
_ _ _ _ _ _ _ _ _ _ _ _ _ _ _ _ _ _ _ _ _ _ _ _ _ _ _ _ _ _ _ _ _ _ _ _ _ _ _ _ 

self = <Response [400]>

    def raise_for_status(self):
        """Raises :class:`HTTPError`, if one occurred."""
    
        http_error_msg = ""
        if isinstance(self.reason, bytes):
            # We attempt to decode utf-8 first because some servers
            # choose to localize their reason strings. If the string
            # isn't utf-8, we fall back to iso-8859-1 for all other
            # encodings. (See PR #3538)
            try:
                reason = self.reason.decode("utf-8")
            except UnicodeDecodeError:
                reason = self.reason.decode("iso-8859-1")
        else:
            reason = self.reason
    
        if 400 <= self.status_code < 500:
            http_error_msg = (
                f"{self.status_code} Client Error: {reason} for url: {self.url}"
            )
    
        elif 500 <= self.status_code < 600:
            http_error_msg = (
                f"{self.status_code} Server Error: {reason} for url: {self.url}"
            )
    
        if http_error_msg:
>           raise HTTPError(http_error_msg, response=self)
E           requests.exceptions.HTTPError: 400 Client Error: Bad Request for url: https://ca.account.sony.com/api/authz/v3/oauth/authorize?access_type=offline&client_id=ac8d161a-d966-4728-b0ea-ffec22f69edc&scope=psn%3Aclientapp+psn%3Amobile.v1&redirect_uri=com.playstation.PlayStationApp%3A%2F%2Fredirect&response_type=code

/opt/hostedtoolcache/Python/3.11.0/x64/lib/python3.11/site-packages/requests/models.py:1021: HTTPError
_ ERROR at setup of test_game_title__trophy_groups_summary_invalid_np_communication_id _

    @pytest.fixture(scope="session")
    def psnawp_fixture():
>       return PSNAWP(os.getenv("NPSSO_CODE"))

tests/conftest.py:13: 
_ _ _ _ _ _ _ _ _ _ _ _ _ _ _ _ _ _ _ _ _ _ _ _ _ _ _ _ _ _ _ _ _ _ _ _ _ _ _ _ 
/opt/hostedtoolcache/Python/3.11.0/x64/lib/python3.11/site-packages/psnawp_api/psnawp.py:39: in __init__
    self._request_builder = request_builder.RequestBuilder(authenticator.Authenticator(npsso_cookie))
/opt/hostedtoolcache/Python/3.11.0/x64/lib/python3.11/site-packages/psnawp_api/core/authenticator.py:34: in __init__
    self._authenticate()
/opt/hostedtoolcache/Python/3.11.0/x64/lib/python3.11/site-packages/psnawp_api/core/authenticator.py:112: in _authenticate
    response.raise_for_status()
_ _ _ _ _ _ _ _ _ _ _ _ _ _ _ _ _ _ _ _ _ _ _ _ _ _ _ _ _ _ _ _ _ _ _ _ _ _ _ _ 

self = <Response [400]>

    def raise_for_status(self):
        """Raises :class:`HTTPError`, if one occurred."""
    
        http_error_msg = ""
        if isinstance(self.reason, bytes):
            # We attempt to decode utf-8 first because some servers
            # choose to localize their reason strings. If the string
            # isn't utf-8, we fall back to iso-8859-1 for all other
            # encodings. (See PR #3538)
            try:
                reason = self.reason.decode("utf-8")
            except UnicodeDecodeError:
                reason = self.reason.decode("iso-8859-1")
        else:
            reason = self.reason
    
        if 400 <= self.status_code < 500:
            http_error_msg = (
                f"{self.status_code} Client Error: {reason} for url: {self.url}"
            )
    
        elif 500 <= self.status_code < 600:
            http_error_msg = (
                f"{self.status_code} Server Error: {reason} for url: {self.url}"
            )
    
        if http_error_msg:
>           raise HTTPError(http_error_msg, response=self)
E           requests.exceptions.HTTPError: 400 Client Error: Bad Request for url: https://ca.account.sony.com/api/authz/v3/oauth/authorize?access_type=offline&client_id=ac8d161a-d966-4728-b0ea-ffec22f69edc&scope=psn%3Aclientapp+psn%3Amobile.v1&redirect_uri=com.playstation.PlayStationApp%3A%2F%2Fredirect&response_type=code

/opt/hostedtoolcache/Python/3.11.0/x64/lib/python3.11/site-packages/requests/models.py:1021: HTTPError
______________ ERROR at setup of test_group__group_incorrect_args ______________

    @pytest.fixture(scope="session")
    def psnawp_fixture():
>       return PSNAWP(os.getenv("NPSSO_CODE"))

tests/conftest.py:13: 
_ _ _ _ _ _ _ _ _ _ _ _ _ _ _ _ _ _ _ _ _ _ _ _ _ _ _ _ _ _ _ _ _ _ _ _ _ _ _ _ 
/opt/hostedtoolcache/Python/3.11.0/x64/lib/python3.11/site-packages/psnawp_api/psnawp.py:39: in __init__
    self._request_builder = request_builder.RequestBuilder(authenticator.Authenticator(npsso_cookie))
/opt/hostedtoolcache/Python/3.11.0/x64/lib/python3.11/site-packages/psnawp_api/core/authenticator.py:34: in __init__
    self._authenticate()
/opt/hostedtoolcache/Python/3.11.0/x64/lib/python3.11/site-packages/psnawp_api/core/authenticator.py:112: in _authenticate
    response.raise_for_status()
_ _ _ _ _ _ _ _ _ _ _ _ _ _ _ _ _ _ _ _ _ _ _ _ _ _ _ _ _ _ _ _ _ _ _ _ _ _ _ _ 

self = <Response [400]>

    def raise_for_status(self):
        """Raises :class:`HTTPError`, if one occurred."""
    
        http_error_msg = ""
        if isinstance(self.reason, bytes):
            # We attempt to decode utf-8 first because some servers
            # choose to localize their reason strings. If the string
            # isn't utf-8, we fall back to iso-8859-1 for all other
            # encodings. (See PR #3538)
            try:
                reason = self.reason.decode("utf-8")
            except UnicodeDecodeError:
                reason = self.reason.decode("iso-8859-1")
        else:
            reason = self.reason
    
        if 400 <= self.status_code < 500:
            http_error_msg = (
                f"{self.status_code} Client Error: {reason} for url: {self.url}"
            )
    
        elif 500 <= self.status_code < 600:
            http_error_msg = (
                f"{self.status_code} Server Error: {reason} for url: {self.url}"
            )
    
        if http_error_msg:
>           raise HTTPError(http_error_msg, response=self)
E           requests.exceptions.HTTPError: 400 Client Error: Bad Request for url: https://ca.account.sony.com/api/authz/v3/oauth/authorize?access_type=offline&client_id=ac8d161a-d966-4728-b0ea-ffec22f69edc&scope=psn%3Aclientapp+psn%3Amobile.v1&redirect_uri=com.playstation.PlayStationApp%3A%2F%2Fredirect&response_type=code

/opt/hostedtoolcache/Python/3.11.0/x64/lib/python3.11/site-packages/requests/models.py:1021: HTTPError
______________ ERROR at setup of test_group__group_with_wrong_id _______________

    @pytest.fixture(scope="session")
    def psnawp_fixture():
>       return PSNAWP(os.getenv("NPSSO_CODE"))

tests/conftest.py:13: 
_ _ _ _ _ _ _ _ _ _ _ _ _ _ _ _ _ _ _ _ _ _ _ _ _ _ _ _ _ _ _ _ _ _ _ _ _ _ _ _ 
/opt/hostedtoolcache/Python/3.11.0/x64/lib/python3.11/site-packages/psnawp_api/psnawp.py:39: in __init__
    self._request_builder = request_builder.RequestBuilder(authenticator.Authenticator(npsso_cookie))
/opt/hostedtoolcache/Python/3.11.0/x64/lib/python3.11/site-packages/psnawp_api/core/authenticator.py:34: in __init__
    self._authenticate()
/opt/hostedtoolcache/Python/3.11.0/x64/lib/python3.11/site-packages/psnawp_api/core/authenticator.py:112: in _authenticate
    response.raise_for_status()
_ _ _ _ _ _ _ _ _ _ _ _ _ _ _ _ _ _ _ _ _ _ _ _ _ _ _ _ _ _ _ _ _ _ _ _ _ _ _ _ 

self = <Response [400]>

    def raise_for_status(self):
        """Raises :class:`HTTPError`, if one occurred."""
    
        http_error_msg = ""
        if isinstance(self.reason, bytes):
            # We attempt to decode utf-8 first because some servers
            # choose to localize their reason strings. If the string
            # isn't utf-8, we fall back to iso-8859-1 for all other
            # encodings. (See PR #3538)
            try:
                reason = self.reason.decode("utf-8")
            except UnicodeDecodeError:
                reason = self.reason.decode("iso-8859-1")
        else:
            reason = self.reason
    
        if 400 <= self.status_code < 500:
            http_error_msg = (
                f"{self.status_code} Client Error: {reason} for url: {self.url}"
            )
    
        elif 500 <= self.status_code < 600:
            http_error_msg = (
                f"{self.status_code} Server Error: {reason} for url: {self.url}"
            )
    
        if http_error_msg:
>           raise HTTPError(http_error_msg, response=self)
E           requests.exceptions.HTTPError: 400 Client Error: Bad Request for url: https://ca.account.sony.com/api/authz/v3/oauth/authorize?access_type=offline&client_id=ac8d161a-d966-4728-b0ea-ffec22f69edc&scope=psn%3Aclientapp+psn%3Amobile.v1&redirect_uri=com.playstation.PlayStationApp%3A%2F%2Fredirect&response_type=code

/opt/hostedtoolcache/Python/3.11.0/x64/lib/python3.11/site-packages/requests/models.py:1021: HTTPError
________________ ERROR at setup of test_group__group_with_users ________________

    @pytest.fixture(scope="session")
    def psnawp_fixture():
>       return PSNAWP(os.getenv("NPSSO_CODE"))

tests/conftest.py:13: 
_ _ _ _ _ _ _ _ _ _ _ _ _ _ _ _ _ _ _ _ _ _ _ _ _ _ _ _ _ _ _ _ _ _ _ _ _ _ _ _ 
/opt/hostedtoolcache/Python/3.11.0/x64/lib/python3.11/site-packages/psnawp_api/psnawp.py:39: in __init__
    self._request_builder = request_builder.RequestBuilder(authenticator.Authenticator(npsso_cookie))
/opt/hostedtoolcache/Python/3.11.0/x64/lib/python3.11/site-packages/psnawp_api/core/authenticator.py:34: in __init__
    self._authenticate()
/opt/hostedtoolcache/Python/3.11.0/x64/lib/python3.11/site-packages/psnawp_api/core/authenticator.py:112: in _authenticate
    response.raise_for_status()
_ _ _ _ _ _ _ _ _ _ _ _ _ _ _ _ _ _ _ _ _ _ _ _ _ _ _ _ _ _ _ _ _ _ _ _ _ _ _ _ 

self = <Response [400]>

    def raise_for_status(self):
        """Raises :class:`HTTPError`, if one occurred."""
    
        http_error_msg = ""
        if isinstance(self.reason, bytes):
            # We attempt to decode utf-8 first because some servers
            # choose to localize their reason strings. If the string
            # isn't utf-8, we fall back to iso-8859-1 for all other
            # encodings. (See PR #3538)
            try:
                reason = self.reason.decode("utf-8")
            except UnicodeDecodeError:
                reason = self.reason.decode("iso-8859-1")
        else:
            reason = self.reason
    
        if 400 <= self.status_code < 500:
            http_error_msg = (
                f"{self.status_code} Client Error: {reason} for url: {self.url}"
            )
    
        elif 500 <= self.status_code < 600:
            http_error_msg = (
                f"{self.status_code} Server Error: {reason} for url: {self.url}"
            )
    
        if http_error_msg:
>           raise HTTPError(http_error_msg, response=self)
E           requests.exceptions.HTTPError: 400 Client Error: Bad Request for url: https://ca.account.sony.com/api/authz/v3/oauth/authorize?access_type=offline&client_id=ac8d161a-d966-4728-b0ea-ffec22f69edc&scope=psn%3Aclientapp+psn%3Amobile.v1&redirect_uri=com.playstation.PlayStationApp%3A%2F%2Fredirect&response_type=code

/opt/hostedtoolcache/Python/3.11.0/x64/lib/python3.11/site-packages/requests/models.py:1021: HTTPError
_________________ ERROR at setup of test_group__group_with_id __________________

    @pytest.fixture(scope="session")
    def psnawp_fixture():
>       return PSNAWP(os.getenv("NPSSO_CODE"))

tests/conftest.py:13: 
_ _ _ _ _ _ _ _ _ _ _ _ _ _ _ _ _ _ _ _ _ _ _ _ _ _ _ _ _ _ _ _ _ _ _ _ _ _ _ _ 
/opt/hostedtoolcache/Python/3.11.0/x64/lib/python3.11/site-packages/psnawp_api/psnawp.py:39: in __init__
    self._request_builder = request_builder.RequestBuilder(authenticator.Authenticator(npsso_cookie))
/opt/hostedtoolcache/Python/3.11.0/x64/lib/python3.11/site-packages/psnawp_api/core/authenticator.py:34: in __init__
    self._authenticate()
/opt/hostedtoolcache/Python/3.11.0/x64/lib/python3.11/site-packages/psnawp_api/core/authenticator.py:112: in _authenticate
    response.raise_for_status()
_ _ _ _ _ _ _ _ _ _ _ _ _ _ _ _ _ _ _ _ _ _ _ _ _ _ _ _ _ _ _ _ _ _ _ _ _ _ _ _ 

self = <Response [400]>

    def raise_for_status(self):
        """Raises :class:`HTTPError`, if one occurred."""
    
        http_error_msg = ""
        if isinstance(self.reason, bytes):
            # We attempt to decode utf-8 first because some servers
            # choose to localize their reason strings. If the string
            # isn't utf-8, we fall back to iso-8859-1 for all other
            # encodings. (See PR #3538)
            try:
                reason = self.reason.decode("utf-8")
            except UnicodeDecodeError:
                reason = self.reason.decode("iso-8859-1")
        else:
            reason = self.reason
    
        if 400 <= self.status_code < 500:
            http_error_msg = (
                f"{self.status_code} Client Error: {reason} for url: {self.url}"
            )
    
        elif 500 <= self.status_code < 600:
            http_error_msg = (
                f"{self.status_code} Server Error: {reason} for url: {self.url}"
            )
    
        if http_error_msg:
>           raise HTTPError(http_error_msg, response=self)
E           requests.exceptions.HTTPError: 400 Client Error: Bad Request for url: https://ca.account.sony.com/api/authz/v3/oauth/authorize?access_type=offline&client_id=ac8d161a-d966-4728-b0ea-ffec22f69edc&scope=psn%3Aclientapp+psn%3Amobile.v1&redirect_uri=com.playstation.PlayStationApp%3A%2F%2Fredirect&response_type=code

/opt/hostedtoolcache/Python/3.11.0/x64/lib/python3.11/site-packages/requests/models.py:1021: HTTPError
__________________ ERROR at setup of test_group__repr_and_str __________________

    @pytest.fixture(scope="session")
    def psnawp_fixture():
>       return PSNAWP(os.getenv("NPSSO_CODE"))

tests/conftest.py:13: 
_ _ _ _ _ _ _ _ _ _ _ _ _ _ _ _ _ _ _ _ _ _ _ _ _ _ _ _ _ _ _ _ _ _ _ _ _ _ _ _ 
/opt/hostedtoolcache/Python/3.11.0/x64/lib/python3.11/site-packages/psnawp_api/psnawp.py:39: in __init__
    self._request_builder = request_builder.RequestBuilder(authenticator.Authenticator(npsso_cookie))
/opt/hostedtoolcache/Python/3.11.0/x64/lib/python3.11/site-packages/psnawp_api/core/authenticator.py:34: in __init__
    self._authenticate()
/opt/hostedtoolcache/Python/3.11.0/x64/lib/python3.11/site-packages/psnawp_api/core/authenticator.py:112: in _authenticate
    response.raise_for_status()
_ _ _ _ _ _ _ _ _ _ _ _ _ _ _ _ _ _ _ _ _ _ _ _ _ _ _ _ _ _ _ _ _ _ _ _ _ _ _ _ 

self = <Response [400]>

    def raise_for_status(self):
        """Raises :class:`HTTPError`, if one occurred."""
    
        http_error_msg = ""
        if isinstance(self.reason, bytes):
            # We attempt to decode utf-8 first because some servers
            # choose to localize their reason strings. If the string
            # isn't utf-8, we fall back to iso-8859-1 for all other
            # encodings. (See PR #3538)
            try:
                reason = self.reason.decode("utf-8")
            except UnicodeDecodeError:
                reason = self.reason.decode("iso-8859-1")
        else:
            reason = self.reason
    
        if 400 <= self.status_code < 500:
            http_error_msg = (
                f"{self.status_code} Client Error: {reason} for url: {self.url}"
            )
    
        elif 500 <= self.status_code < 600:
            http_error_msg = (
                f"{self.status_code} Server Error: {reason} for url: {self.url}"
            )
    
        if http_error_msg:
>           raise HTTPError(http_error_msg, response=self)
E           requests.exceptions.HTTPError: 400 Client Error: Bad Request for url: https://ca.account.sony.com/api/authz/v3/oauth/authorize?access_type=offline&client_id=ac8d161a-d966-4728-b0ea-ffec22f69edc&scope=psn%3Aclientapp+psn%3Amobile.v1&redirect_uri=com.playstation.PlayStationApp%3A%2F%2Fredirect&response_type=code

/opt/hostedtoolcache/Python/3.11.0/x64/lib/python3.11/site-packages/requests/models.py:1021: HTTPError
_________________ ERROR at setup of test_group__change_name_dm _________________

    @pytest.fixture(scope="session")
    def psnawp_fixture():
>       return PSNAWP(os.getenv("NPSSO_CODE"))

tests/conftest.py:13: 
_ _ _ _ _ _ _ _ _ _ _ _ _ _ _ _ _ _ _ _ _ _ _ _ _ _ _ _ _ _ _ _ _ _ _ _ _ _ _ _ 
/opt/hostedtoolcache/Python/3.11.0/x64/lib/python3.11/site-packages/psnawp_api/psnawp.py:39: in __init__
    self._request_builder = request_builder.RequestBuilder(authenticator.Authenticator(npsso_cookie))
/opt/hostedtoolcache/Python/3.11.0/x64/lib/python3.11/site-packages/psnawp_api/core/authenticator.py:34: in __init__
    self._authenticate()
/opt/hostedtoolcache/Python/3.11.0/x64/lib/python3.11/site-packages/psnawp_api/core/authenticator.py:112: in _authenticate
    response.raise_for_status()
_ _ _ _ _ _ _ _ _ _ _ _ _ _ _ _ _ _ _ _ _ _ _ _ _ _ _ _ _ _ _ _ _ _ _ _ _ _ _ _ 

self = <Response [400]>

    def raise_for_status(self):
        """Raises :class:`HTTPError`, if one occurred."""
    
        http_error_msg = ""
        if isinstance(self.reason, bytes):
            # We attempt to decode utf-8 first because some servers
            # choose to localize their reason strings. If the string
            # isn't utf-8, we fall back to iso-8859-1 for all other
            # encodings. (See PR #3538)
            try:
                reason = self.reason.decode("utf-8")
            except UnicodeDecodeError:
                reason = self.reason.decode("iso-8859-1")
        else:
            reason = self.reason
    
        if 400 <= self.status_code < 500:
            http_error_msg = (
                f"{self.status_code} Client Error: {reason} for url: {self.url}"
            )
    
        elif 500 <= self.status_code < 600:
            http_error_msg = (
                f"{self.status_code} Server Error: {reason} for url: {self.url}"
            )
    
        if http_error_msg:
>           raise HTTPError(http_error_msg, response=self)
E           requests.exceptions.HTTPError: 400 Client Error: Bad Request for url: https://ca.account.sony.com/api/authz/v3/oauth/authorize?access_type=offline&client_id=ac8d161a-d966-4728-b0ea-ffec22f69edc&scope=psn%3Aclientapp+psn%3Amobile.v1&redirect_uri=com.playstation.PlayStationApp%3A%2F%2Fredirect&response_type=code

/opt/hostedtoolcache/Python/3.11.0/x64/lib/python3.11/site-packages/requests/models.py:1021: HTTPError
_______________ ERROR at setup of test_group__dming_blocked_user _______________

    @pytest.fixture(scope="session")
    def psnawp_fixture():
>       return PSNAWP(os.getenv("NPSSO_CODE"))

tests/conftest.py:13: 
_ _ _ _ _ _ _ _ _ _ _ _ _ _ _ _ _ _ _ _ _ _ _ _ _ _ _ _ _ _ _ _ _ _ _ _ _ _ _ _ 
/opt/hostedtoolcache/Python/3.11.0/x64/lib/python3.11/site-packages/psnawp_api/psnawp.py:39: in __init__
    self._request_builder = request_builder.RequestBuilder(authenticator.Authenticator(npsso_cookie))
/opt/hostedtoolcache/Python/3.11.0/x64/lib/python3.11/site-packages/psnawp_api/core/authenticator.py:34: in __init__
    self._authenticate()
/opt/hostedtoolcache/Python/3.11.0/x64/lib/python3.11/site-packages/psnawp_api/core/authenticator.py:112: in _authenticate
    response.raise_for_status()
_ _ _ _ _ _ _ _ _ _ _ _ _ _ _ _ _ _ _ _ _ _ _ _ _ _ _ _ _ _ _ _ _ _ _ _ _ _ _ _ 

self = <Response [400]>

    def raise_for_status(self):
        """Raises :class:`HTTPError`, if one occurred."""
    
        http_error_msg = ""
        if isinstance(self.reason, bytes):
            # We attempt to decode utf-8 first because some servers
            # choose to localize their reason strings. If the string
            # isn't utf-8, we fall back to iso-8859-1 for all other
            # encodings. (See PR #3538)
            try:
                reason = self.reason.decode("utf-8")
            except UnicodeDecodeError:
                reason = self.reason.decode("iso-8859-1")
        else:
            reason = self.reason
    
        if 400 <= self.status_code < 500:
            http_error_msg = (
                f"{self.status_code} Client Error: {reason} for url: {self.url}"
            )
    
        elif 500 <= self.status_code < 600:
            http_error_msg = (
                f"{self.status_code} Server Error: {reason} for url: {self.url}"
            )
    
        if http_error_msg:
>           raise HTTPError(http_error_msg, response=self)
E           requests.exceptions.HTTPError: 400 Client Error: Bad Request for url: https://ca.account.sony.com/api/authz/v3/oauth/authorize?access_type=offline&client_id=ac8d161a-d966-4728-b0ea-ffec22f69edc&scope=psn%3Aclientapp+psn%3Amobile.v1&redirect_uri=com.playstation.PlayStationApp%3A%2F%2Fredirect&response_type=code

/opt/hostedtoolcache/Python/3.11.0/x64/lib/python3.11/site-packages/requests/models.py:1021: HTTPError
__________________ ERROR at setup of test_group__change_name ___________________

    @pytest.fixture(scope="session")
    def psnawp_fixture():
>       return PSNAWP(os.getenv("NPSSO_CODE"))

tests/conftest.py:13: 
_ _ _ _ _ _ _ _ _ _ _ _ _ _ _ _ _ _ _ _ _ _ _ _ _ _ _ _ _ _ _ _ _ _ _ _ _ _ _ _ 
/opt/hostedtoolcache/Python/3.11.0/x64/lib/python3.11/site-packages/psnawp_api/psnawp.py:39: in __init__
    self._request_builder = request_builder.RequestBuilder(authenticator.Authenticator(npsso_cookie))
/opt/hostedtoolcache/Python/3.11.0/x64/lib/python3.11/site-packages/psnawp_api/core/authenticator.py:34: in __init__
    self._authenticate()
/opt/hostedtoolcache/Python/3.11.0/x64/lib/python3.11/site-packages/psnawp_api/core/authenticator.py:112: in _authenticate
    response.raise_for_status()
_ _ _ _ _ _ _ _ _ _ _ _ _ _ _ _ _ _ _ _ _ _ _ _ _ _ _ _ _ _ _ _ _ _ _ _ _ _ _ _ 

self = <Response [400]>

    def raise_for_status(self):
        """Raises :class:`HTTPError`, if one occurred."""
    
        http_error_msg = ""
        if isinstance(self.reason, bytes):
            # We attempt to decode utf-8 first because some servers
            # choose to localize their reason strings. If the string
            # isn't utf-8, we fall back to iso-8859-1 for all other
            # encodings. (See PR #3538)
            try:
                reason = self.reason.decode("utf-8")
            except UnicodeDecodeError:
                reason = self.reason.decode("iso-8859-1")
        else:
            reason = self.reason
    
        if 400 <= self.status_code < 500:
            http_error_msg = (
                f"{self.status_code} Client Error: {reason} for url: {self.url}"
            )
    
        elif 500 <= self.status_code < 600:
            http_error_msg = (
                f"{self.status_code} Server Error: {reason} for url: {self.url}"
            )
    
        if http_error_msg:
>           raise HTTPError(http_error_msg, response=self)
E           requests.exceptions.HTTPError: 400 Client Error: Bad Request for url: https://ca.account.sony.com/api/authz/v3/oauth/authorize?access_type=offline&client_id=ac8d161a-d966-4728-b0ea-ffec22f69edc&scope=psn%3Aclientapp+psn%3Amobile.v1&redirect_uri=com.playstation.PlayStationApp%3A%2F%2Fredirect&response_type=code

/opt/hostedtoolcache/Python/3.11.0/x64/lib/python3.11/site-packages/requests/models.py:1021: HTTPError
__________________ ERROR at setup of test_group__leave_group ___________________

    @pytest.fixture(scope="session")
    def psnawp_fixture():
>       return PSNAWP(os.getenv("NPSSO_CODE"))

tests/conftest.py:13: 
_ _ _ _ _ _ _ _ _ _ _ _ _ _ _ _ _ _ _ _ _ _ _ _ _ _ _ _ _ _ _ _ _ _ _ _ _ _ _ _ 
/opt/hostedtoolcache/Python/3.11.0/x64/lib/python3.11/site-packages/psnawp_api/psnawp.py:39: in __init__
    self._request_builder = request_builder.RequestBuilder(authenticator.Authenticator(npsso_cookie))
/opt/hostedtoolcache/Python/3.11.0/x64/lib/python3.11/site-packages/psnawp_api/core/authenticator.py:34: in __init__
    self._authenticate()
/opt/hostedtoolcache/Python/3.11.0/x64/lib/python3.11/site-packages/psnawp_api/core/authenticator.py:112: in _authenticate
    response.raise_for_status()
_ _ _ _ _ _ _ _ _ _ _ _ _ _ _ _ _ _ _ _ _ _ _ _ _ _ _ _ _ _ _ _ _ _ _ _ _ _ _ _ 

self = <Response [400]>

    def raise_for_status(self):
        """Raises :class:`HTTPError`, if one occurred."""
    
        http_error_msg = ""
        if isinstance(self.reason, bytes):
            # We attempt to decode utf-8 first because some servers
            # choose to localize their reason strings. If the string
            # isn't utf-8, we fall back to iso-8859-1 for all other
            # encodings. (See PR #3538)
            try:
                reason = self.reason.decode("utf-8")
            except UnicodeDecodeError:
                reason = self.reason.decode("iso-8859-1")
        else:
            reason = self.reason
    
        if 400 <= self.status_code < 500:
            http_error_msg = (
                f"{self.status_code} Client Error: {reason} for url: {self.url}"
            )
    
        elif 500 <= self.status_code < 600:
            http_error_msg = (
                f"{self.status_code} Server Error: {reason} for url: {self.url}"
            )
    
        if http_error_msg:
>           raise HTTPError(http_error_msg, response=self)
E           requests.exceptions.HTTPError: 400 Client Error: Bad Request for url: https://ca.account.sony.com/api/authz/v3/oauth/authorize?access_type=offline&client_id=ac8d161a-d966-4728-b0ea-ffec22f69edc&scope=psn%3Aclientapp+psn%3Amobile.v1&redirect_uri=com.playstation.PlayStationApp%3A%2F%2Fredirect&response_type=code

/opt/hostedtoolcache/Python/3.11.0/x64/lib/python3.11/site-packages/requests/models.py:1021: HTTPError
_______________ ERROR at setup of test_search__universal_search ________________

    @pytest.fixture(scope="session")
    def psnawp_fixture():
>       return PSNAWP(os.getenv("NPSSO_CODE"))

tests/conftest.py:13: 
_ _ _ _ _ _ _ _ _ _ _ _ _ _ _ _ _ _ _ _ _ _ _ _ _ _ _ _ _ _ _ _ _ _ _ _ _ _ _ _ 
/opt/hostedtoolcache/Python/3.11.0/x64/lib/python3.11/site-packages/psnawp_api/psnawp.py:39: in __init__
    self._request_builder = request_builder.RequestBuilder(authenticator.Authenticator(npsso_cookie))
/opt/hostedtoolcache/Python/3.11.0/x64/lib/python3.11/site-packages/psnawp_api/core/authenticator.py:34: in __init__
    self._authenticate()
/opt/hostedtoolcache/Python/3.11.0/x64/lib/python3.11/site-packages/psnawp_api/core/authenticator.py:112: in _authenticate
    response.raise_for_status()
_ _ _ _ _ _ _ _ _ _ _ _ _ _ _ _ _ _ _ _ _ _ _ _ _ _ _ _ _ _ _ _ _ _ _ _ _ _ _ _ 

self = <Response [400]>

    def raise_for_status(self):
        """Raises :class:`HTTPError`, if one occurred."""
    
        http_error_msg = ""
        if isinstance(self.reason, bytes):
            # We attempt to decode utf-8 first because some servers
            # choose to localize their reason strings. If the string
            # isn't utf-8, we fall back to iso-8859-1 for all other
            # encodings. (See PR #3538)
            try:
                reason = self.reason.decode("utf-8")
            except UnicodeDecodeError:
                reason = self.reason.decode("iso-8859-1")
        else:
            reason = self.reason
    
        if 400 <= self.status_code < 500:
            http_error_msg = (
                f"{self.status_code} Client Error: {reason} for url: {self.url}"
            )
    
        elif 500 <= self.status_code < 600:
            http_error_msg = (
                f"{self.status_code} Server Error: {reason} for url: {self.url}"
            )
    
        if http_error_msg:
>           raise HTTPError(http_error_msg, response=self)
E           requests.exceptions.HTTPError: 400 Client Error: Bad Request for url: https://ca.account.sony.com/api/authz/v3/oauth/authorize?access_type=offline&client_id=ac8d161a-d966-4728-b0ea-ffec22f69edc&scope=psn%3Aclientapp+psn%3Amobile.v1&redirect_uri=com.playstation.PlayStationApp%3A%2F%2Fredirect&response_type=code

[...]
ERROR tests/unit_tests/test_client.py::test_client__trophy_titles - requests.exceptions.HTTPError: 400 Client Error: Bad Request for url: https://ca.account.sony.com/api/authz/v3/oauth/authorize?access_type=offline&client_id=ac8d161a-d966-4728-b0ea-ffec22f69edc&scope=psn%3Aclientapp+psn%3Amobile.v1&redirect_uri=com.playstation.PlayStationApp%3A%2F%2Fredirect&response_type=code
ERROR tests/unit_tests/test_client.py::test_client__trophy_titles_for_title - requests.exceptions.HTTPError: 400 Client Error: Bad Request for url: https://ca.account.sony.com/api/authz/v3/oauth/authorize?access_type=offline&client_id=ac8d161a-d966-4728-b0ea-ffec22f69edc&scope=psn%3Aclientapp+psn%3Amobile.v1&redirect_uri=com.playstation.PlayStationApp%3A%2F%2Fredirect&response_type=code
ERROR tests/unit_tests/test_client.py::test_client__trophies - requests.exceptions.HTTPError: 400 Client Error: Bad Request for url: https://ca.account.sony.com/api/authz/v3/oauth/authorize?access_type=offline&client_id=ac8d161a-d966-4728-b0ea-ffec22f69edc&scope=psn%3Aclientapp+psn%3Amobile.v1&redirect_uri=com.playstation.PlayStationApp%3A%2F%2Fredirect&response_type=code
ERROR tests/unit_tests/test_client.py::test_client__trophy_groups_summary - requests.exceptions.HTTPError: 400 Client Error: Bad Request for url: https://ca.account.sony.com/api/authz/v3/oauth/authorize?access_type=offline&client_id=ac8d161a-d966-4728-b0ea-ffec22f69edc&scope=psn%3Aclientapp+psn%3Amobile.v1&redirect_uri=com.playstation.PlayStationApp%3A%2F%2Fredirect&response_type=code
ERROR tests/unit_tests/test_client.py::test_client__repr_and_str - requests.exceptions.HTTPError: 400 Client Error: Bad Request for url: https://ca.account.sony.com/api/authz/v3/oauth/authorize?access_type=offline&client_id=ac8d161a-d966-4728-b0ea-ffec22f69edc&scope=psn%3Aclientapp+psn%3Amobile.v1&redirect_uri=com.playstation.PlayStationApp%3A%2F%2Fredirect&response_type=code
ERROR tests/unit_tests/test_game_title.py::test_game_title__np_communication_id - requests.exceptions.HTTPError: 400 Client Error: Bad Request for url: https://ca.account.sony.com/api/authz/v3/oauth/authorize?access_type=offline&client_id=ac8d161a-d966-4728-b0ea-ffec22f69edc&scope=psn%3Aclientapp+psn%3Amobile.v1&redirect_uri=com.playstation.PlayStationApp%3A%2F%2Fredirect&response_type=code
ERROR tests/unit_tests/test_game_title.py::test_game_title__wrong_title_id - requests.exceptions.HTTPError: 400 Client Error: Bad Request for url: https://ca.account.sony.com/api/authz/v3/oauth/authorize?access_type=offline&client_id=ac8d161a-d966-4728-b0ea-ffec22f69edc&scope=psn%3Aclientapp+psn%3Amobile.v1&redirect_uri=com.playstation.PlayStationApp%3A%2F%2Fredirect&response_type=code
ERROR tests/unit_tests/test_game_title.py::test_game_title__get_title_details - requests.exceptions.HTTPError: 400 Client Error: Bad Request for url: https://ca.account.sony.com/api/authz/v3/oauth/authorize?access_type=offline&client_id=ac8d161a-d966-4728-b0ea-ffec22f69edc&scope=psn%3Aclientapp+psn%3Amobile.v1&redirect_uri=com.playstation.PlayStationApp%3A%2F%2Fredirect&response_type=code
ERROR tests/unit_tests/test_game_title.py::test_game_title__trophies - requests.exceptions.HTTPError: 400 Client Error: Bad Request for url: https://ca.account.sony.com/api/authz/v3/oauth/authorize?access_type=offline&client_id=ac8d161a-d966-4728-b0ea-ffec22f69edc&scope=psn%3Aclientapp+psn%3Amobile.v1&redirect_uri=com.playstation.PlayStationApp%3A%2F%2Fredirect&response_type=code
ERROR tests/unit_tests/test_game_title.py::test_game_title__trophy_groups_summary - requests.exceptions.HTTPError: 400 Client Error: Bad Request for url: https://ca.account.sony.com/api/authz/v3/oauth/authorize?access_type=offline&client_id=ac8d161a-d966-4728-b0ea-ffec22f69edc&scope=psn%3Aclientapp+psn%3Amobile.v1&redirect_uri=com.playstation.PlayStationApp%3A%2F%2Fredirect&response_type=code
ERROR tests/unit_tests/test_game_title.py::test_game_title__trophies_game_not_owned_by_user - requests.exceptions.HTTPError: 400 Client Error: Bad Request for url: https://ca.account.sony.com/api/authz/v3/oauth/authorize?access_type=offline&client_id=ac8d161a-d966-4728-b0ea-ffec22f69edc&scope=psn%3Aclientapp+psn%3Amobile.v1&redirect_uri=com.playstation.PlayStationApp%3A%2F%2Fredirect&response_type=code
ERROR tests/unit_tests/test_game_title.py::test_game_title__trophy_groups_summary_game_not_owned_by_user - requests.exceptions.HTTPError: 400 Client Error: Bad Request for url: https://ca.account.sony.com/api/authz/v3/oauth/authorize?access_type=offline&client_id=ac8d161a-d966-4728-b0ea-ffec22f69edc&scope=psn%3Aclientapp+psn%3Amobile.v1&redirect_uri=com.playstation.PlayStationApp%3A%2F%2Fredirect&response_type=code
ERROR tests/unit_tests/test_game_title.py::test_game_title__trophies_invalid_np_communication_id - requests.exceptions.HTTPError: 400 Client Error: Bad Request for url: https://ca.account.sony.com/api/authz/v3/oauth/authorize?access_type=offline&client_id=ac8d161a-d966-4728-b0ea-ffec22f69edc&scope=psn%3Aclientapp+psn%3Amobile.v1&redirect_uri=com.playstation.PlayStationApp%3A%2F%2Fredirect&response_type=code
ERROR tests/unit_tests/test_game_title.py::test_game_title__trophy_groups_summary_invalid_np_communication_id - requests.exceptions.HTTPError: 400 Client Error: Bad Request for url: https://ca.account.sony.com/api/authz/v3/oauth/authorize?access_type=offline&client_id=ac8d161a-d966-4728-b0ea-ffec22f69edc&scope=psn%3Aclientapp+psn%3Amobile.v1&redirect_uri=com.playstation.PlayStationApp%3A%2F%2Fredirect&response_type=code
ERROR tests/unit_tests/test_group.py::test_group__group_incorrect_args - requests.exceptions.HTTPError: 400 Client Error: Bad Request for url: https://ca.account.sony.com/api/authz/v3/oauth/authorize?access_type=offline&client_id=ac8d161a-d966-4728-b0ea-ffec22f69edc&scope=psn%3Aclientapp+psn%3Amobile.v1&redirect_uri=com.playstation.PlayStationApp%3A%2F%2Fredirect&response_type=code
ERROR tests/unit_tests/test_group.py::test_group__group_with_wrong_id - requests.exceptions.HTTPError: 400 Client Error: Bad Request for url: https://ca.account.sony.com/api/authz/v3/oauth/authorize?access_type=offline&client_id=ac8d161a-d966-4728-b0ea-ffec22f69edc&scope=psn%3Aclientapp+psn%3Amobile.v1&redirect_uri=com.playstation.PlayStationApp%3A%2F%2Fredirect&response_type=code
ERROR tests/unit_tests/test_group.py::test_group__group_with_users - requests.exceptions.HTTPError: 400 Client Error: Bad Request for url: https://ca.account.sony.com/api/authz/v3/oauth/authorize?access_type=offline&client_id=ac8d161a-d966-4728-b0ea-ffec22f69edc&scope=psn%3Aclientapp+psn%3Amobile.v1&redirect_uri=com.playstation.PlayStationApp%3A%2F%2Fredirect&response_type=code
ERROR tests/unit_tests/test_group.py::test_group__group_with_id - requests.exceptions.HTTPError: 400 Client Error: Bad Request for url: https://ca.account.sony.com/api/authz/v3/oauth/authorize?access_type=offline&client_id=ac8d161a-d966-4728-b0ea-ffec22f69edc&scope=psn%3Aclientapp+psn%3Amobile.v1&redirect_uri=com.playstation.PlayStationApp%3A%2F%2Fredirect&response_type=code
ERROR tests/unit_tests/test_group.py::test_group__repr_and_str - requests.exceptions.HTTPError: 400 Client Error: Bad Request for url: https://ca.account.sony.com/api/authz/v3/oauth/authorize?access_type=offline&client_id=ac8d161a-d966-4728-b0ea-ffec22f69edc&scope=psn%3Aclientapp+psn%3Amobile.v1&redirect_uri=com.playstation.PlayStationApp%3A%2F%2Fredirect&response_type=code
ERROR tests/unit_tests/test_group.py::test_group__change_name_dm - requests.exceptions.HTTPError: 400 Client Error: Bad Request for url: https://ca.account.sony.com/api/authz/v3/oauth/authorize?access_type=offline&client_id=ac8d161a-d966-4728-b0ea-ffec22f69edc&scope=psn%3Aclientapp+psn%3Amobile.v1&redirect_uri=com.playstation.PlayStationApp%3A%2F%2Fredirect&response_type=code
ERROR tests/unit_tests/test_group.py::test_group__dming_blocked_user - requests.exceptions.HTTPError: 400 Client Error: Bad Request for url: https://ca.account.sony.com/api/authz/v3/oauth/authorize?access_type=offline&client_id=ac8d161a-d966-4728-b0ea-ffec22f69edc&scope=psn%3Aclientapp+psn%3Amobile.v1&redirect_uri=com.playstation.PlayStationApp%3A%2F%2Fredirect&response_type=code
ERROR tests/unit_tests/test_group.py::test_group__change_name - requests.exceptions.HTTPError: 400 Client Error: Bad Request for url: https://ca.account.sony.com/api/authz/v3/oauth/authorize?access_type=offline&client_id=ac8d161a-d966-4728-b0ea-ffec22f69edc&scope=psn%3Aclientapp+psn%3Amobile.v1&redirect_uri=com.playstation.PlayStationApp%3A%2F%2Fredirect&response_type=code
ERROR tests/unit_tests/test_group.py::test_group__leave_group - requests.exceptions.HTTPError: 400 Client Error: Bad Request for url: https://ca.account.sony.com/api/authz/v3/oauth/authorize?access_type=offline&client_id=ac8d161a-d966-4728-b0ea-ffec22f69edc&scope=psn%3Aclientapp+psn%3Amobile.v1&redirect_uri=com.playstation.PlayStationApp%3A%2F%2Fredirect&response_type=code
ERROR tests/unit_tests/test_search.py::test_search__universal_search - requests.exceptions.HTTPError: 400 Client Error: Bad Request for url: https://ca.account.sony.com/api/authz/v3/oauth/authorize?access_type=offline&client_id=ac8d161a-d966-4728-b0ea-ffec22f69edc&scope=psn%3Aclientapp+psn%3Amobile.v1&redirect_uri=com.playstation.PlayStationApp%3A%2F%2Fredirect&response_type=code
ERROR tests/unit_tests/test_search.py::test_search__get_title_id - requests.exceptions.HTTPError: 400 Client Error: Bad Request for url: https://ca.account.sony.com/api/authz/v3/oauth/authorize?access_type=offline&client_id=ac8d161a-d966-4728-b0ea-ffec22f69edc&scope=psn%3Aclientapp+psn%3Amobile.v1&redirect_uri=com.playstation.PlayStationApp%3A%2F%2Fredirect&response_type=code
ERROR tests/unit_tests/test_search.py::test_search__get_title_id_wrong_title - requests.exceptions.HTTPError: 400 Client Error: Bad Request for url: https://ca.account.sony.com/api/authz/v3/oauth/authorize?access_type=offline&client_id=ac8d161a-d966-4728-b0ea-ffec22f69edc&scope=psn%3Aclientapp+psn%3Amobile.v1&redirect_uri=com.playstation.PlayStationApp%3A%2F%2Fredirect&response_type=code
ERROR tests/unit_tests/test_user.py::test_user__user - requests.exceptions.HTTPError: 400 Client Error: Bad Request for url: https://ca.account.sony.com/api/authz/v3/oauth/authorize?access_type=offline&client_id=ac8d161a-d966-4728-b0ea-ffec22f69edc&scope=psn%3Aclientapp+psn%3Amobile.v1&redirect_uri=com.playstation.PlayStationApp%3A%2F%2Fredirect&response_type=code
ERROR tests/unit_tests/test_user.py::test_user__user_account_id - requests.exceptions.HTTPError: 400 Client Error: Bad Request for url: https://ca.account.sony.com/api/authz/v3/oauth/authorize?access_type=offline&client_id=ac8d161a-d966-4728-b0ea-ffec22f69edc&scope=psn%3Aclientapp+psn%3Amobile.v1&redirect_uri=com.playstation.PlayStationApp%3A%2F%2Fredirect&response_type=code
ERROR tests/unit_tests/test_user.py::test_user__user_no_argument - requests.exceptions.HTTPError: 400 Client Error: Bad Request for url: https://ca.account.sony.com/api/authz/v3/oauth/authorize?access_type=offline&client_id=ac8d161a-d966-4728-b0ea-ffec22f69edc&scope=psn%3Aclientapp+psn%3Amobile.v1&redirect_uri=com.playstation.PlayStationApp%3A%2F%2Fredirect&response_type=code
ERROR tests/unit_tests/test_user.py::test_user__user_wrong_acc_id - requests.exceptions.HTTPError: 400 Client Error: Bad Request for url: https://ca.account.sony.com/api/authz/v3/oauth/authorize?access_type=offline&client_id=ac8d161a-d966-4728-b0ea-ffec22f69edc&scope=psn%3Aclientapp+psn%3Amobile.v1&redirect_uri=com.playstation.PlayStationApp%3A%2F%2Fredirect&response_type=code
ERROR tests/unit_tests/test_user.py::test_user__prev_online_id - requests.exceptions.HTTPError: 400 Client Error: Bad Request for url: https://ca.account.sony.com/api/authz/v3/oauth/authorize?access_type=offline&client_id=ac8d161a-d966-4728-b0ea-ffec22f69edc&scope=psn%3Aclientapp+psn%3Amobile.v1&redirect_uri=com.playstation.PlayStationApp%3A%2F%2Fredirect&response_type=code
ERROR tests/unit_tests/test_user.py::test_user__user_not_found - requests.exceptions.HTTPError: 400 Client Error: Bad Request for url: https://ca.account.sony.com/api/authz/v3/oauth/authorize?access_type=offline&client_id=ac8d161a-d966-4728-b0ea-ffec22f69edc&scope=psn%3Aclientapp+psn%3Amobile.v1&redirect_uri=com.playstation.PlayStationApp%3A%2F%2Fredirect&response_type=code
ERROR tests/unit_tests/test_user.py::test_user__user_acct_id_not_found - requests.exceptions.HTTPError: 400 Client Error: Bad Request for url: https://ca.account.sony.com/api/authz/v3/oauth/authorize?access_type=offline&client_id=ac8d161a-d966-4728-b0ea-ffec22f69edc&scope=psn%3Aclientapp+psn%3Amobile.v1&redirect_uri=com.playstation.PlayStationApp%3A%2F%2Fredirect&response_type=code
ERROR tests/unit_tests/test_user.py::test_user__get_profile - requests.exceptions.HTTPError: 400 Client Error: Bad Request for url: https://ca.account.sony.com/api/authz/v3/oauth/authorize?access_type=offline&client_id=ac8d161a-d966-4728-b0ea-ffec22f69edc&scope=psn%3Aclientapp+psn%3Amobile.v1&redirect_uri=com.playstation.PlayStationApp%3A%2F%2Fredirect&response_type=code
ERROR tests/unit_tests/test_user.py::test_user__get_presence - requests.exceptions.HTTPError: 400 Client Error: Bad Request for url: https://ca.account.sony.com/api/authz/v3/oauth/authorize?access_type=offline&client_id=ac8d161a-d966-4728-b0ea-ffec22f69edc&scope=psn%3Aclientapp+psn%3Amobile.v1&redirect_uri=com.playstation.PlayStationApp%3A%2F%2Fredirect&response_type=code
ERROR tests/unit_tests/test_user.py::test_user__get_presence_forbidden - requests.exceptions.HTTPError: 400 Client Error: Bad Request for url: https://ca.account.sony.com/api/authz/v3/oauth/authorize?access_type=offline&client_id=ac8d161a-d966-4728-b0ea-ffec22f69edc&scope=psn%3Aclientapp+psn%3Amobile.v1&redirect_uri=com.playstation.PlayStationApp%3A%2F%2Fredirect&response_type=code
ERROR tests/unit_tests/test_user.py::test_user__friendship - requests.exceptions.HTTPError: 400 Client Error: Bad Request for url: https://ca.account.sony.com/api/authz/v3/oauth/authorize?access_type=offline&client_id=ac8d161a-d966-4728-b0ea-ffec22f69edc&scope=psn%3Aclientapp+psn%3Amobile.v1&redirect_uri=com.playstation.PlayStationApp%3A%2F%2Fredirect&response_type=code
ERROR tests/unit_tests/test_user.py::test_user__is_blocked - requests.exceptions.HTTPError: 400 Client Error: Bad Request for url: https://ca.account.sony.com/api/authz/v3/oauth/authorize?access_type=offline&client_id=ac8d161a-d966-4728-b0ea-ffec22f69edc&scope=psn%3Aclientapp+psn%3Amobile.v1&redirect_uri=com.playstation.PlayStationApp%3A%2F%2Fredirect&response_type=code
ERROR tests/unit_tests/test_user.py::test_user__trophy_summary - requests.exceptions.HTTPError: 400 Client Error: Bad Request for url: https://ca.account.sony.com/api/authz/v3/oauth/authorize?access_type=offline&client_id=ac8d161a-d966-4728-b0ea-ffec22f69edc&scope=psn%3Aclientapp+psn%3Amobile.v1&redirect_uri=com.playstation.PlayStationApp%3A%2F%2Fredirect&response_type=code
ERROR tests/unit_tests/test_user.py::test_user__trophy_summary_forbidden - requests.exceptions.HTTPError: 400 Client Error: Bad Request for url: https://ca.account.sony.com/api/authz/v3/oauth/authorize?access_type=offline&client_id=ac8d161a-d966-4728-b0ea-ffec22f69edc&scope=psn%3Aclientapp+psn%3Amobile.v1&redirect_uri=com.playstation.PlayStationApp%3A%2F%2Fredirect&response_type=code
ERROR tests/unit_tests/test_user.py::test_user__trophy_titles - requests.exceptions.HTTPError: 400 Client Error: Bad Request for url: https://ca.account.sony.com/api/authz/v3/oauth/authorize?access_type=offline&client_id=ac8d161a-d966-4728-b0ea-ffec22f69edc&scope=psn%3Aclientapp+psn%3Amobile.v1&redirect_uri=com.playstation.PlayStationApp%3A%2F%2Fredirect&response_type=code
ERROR tests/unit_tests/test_user.py::test_user__trophy_titles_forbidden - requests.exceptions.HTTPError: 400 Client Error: Bad Request for url: https://ca.account.sony.com/api/authz/v3/oauth/authorize?access_type=offline&client_id=ac8d161a-d966-4728-b0ea-ffec22f69edc&scope=psn%3Aclientapp+psn%3Amobile.v1&redirect_uri=com.playstation.PlayStationApp%3A%2F%2Fredirect&response_type=code
ERROR tests/unit_tests/test_user.py::test_user__trophy_titles_pagination_test - requests.exceptions.HTTPError: 400 Client Error: Bad Request for url: https://ca.account.sony.com/api/authz/v3/oauth/authorize?access_type=offline&client_id=ac8d161a-d966-4728-b0ea-ffec22f69edc&scope=psn%3Aclientapp+psn%3Amobile.v1&redirect_uri=com.playstation.PlayStationApp%3A%2F%2Fredirect&response_type=code
ERROR tests/unit_tests/test_user.py::test_user__trophy_titles_for_title - requests.exceptions.HTTPError: 400 Client Error: Bad Request for url: https://ca.account.sony.com/api/authz/v3/oauth/authorize?access_type=offline&client_id=ac8d161a-d966-4728-b0ea-ffec22f69edc&scope=psn%3Aclientapp+psn%3Amobile.v1&redirect_uri=com.playstation.PlayStationApp%3A%2F%2Fredirect&response_type=code
ERROR tests/unit_tests/test_user.py::test_user__trophy_titles_for_title_forbidden - requests.exceptions.HTTPError: 400 Client Error: Bad Request for url: https://ca.account.sony.com/api/authz/v3/oauth/authorize?access_type=offline&client_id=ac8d161a-d966-4728-b0ea-ffec22f69edc&scope=psn%3Aclientapp+psn%3Amobile.v1&redirect_uri=com.playstation.PlayStationApp%3A%2F%2Fredirect&response_type=code
ERROR tests/unit_tests/test_user.py::test_user__trophies - requests.exceptions.HTTPError: 400 Client Error: Bad Request for url: https://ca.account.sony.com/api/authz/v3/oauth/authorize?access_type=offline&client_id=ac8d161a-d966-4728-b0ea-ffec22f69edc&scope=psn%3Aclientapp+psn%3Amobile.v1&redirect_uri=com.playstation.PlayStationApp%3A%2F%2Fredirect&response_type=code
ERROR tests/unit_tests/test_user.py::test_user__trophies_forbidden - requests.exceptions.HTTPError: 400 Client Error: Bad Request for url: https://ca.account.sony.com/api/authz/v3/oauth/authorize?access_type=offline&client_id=ac8d161a-d966-4728-b0ea-ffec22f69edc&scope=psn%3Aclientapp+psn%3Amobile.v1&redirect_uri=com.playstation.PlayStationApp%3A%2F%2Fredirect&response_type=code
ERROR tests/unit_tests/test_user.py::test_user__trophies_pagination_test - requests.exceptions.HTTPError: 400 Client Error: Bad Request for url: https://ca.account.sony.com/api/authz/v3/oauth/authorize?access_type=offline&client_id=ac8d161a-d966-4728-b0ea-ffec22f69edc&scope=psn%3Aclientapp+psn%3Amobile.v1&redirect_uri=com.playstation.PlayStationApp%3A%2F%2Fredirect&response_type=code
ERROR tests/unit_tests/test_user.py::test_user__trophy_groups_summary - requests.exceptions.HTTPError: 400 Client Error: Bad Request for url: https://ca.account.sony.com/api/authz/v3/oauth/authorize?access_type=offline&client_id=ac8d161a-d966-4728-b0ea-ffec22f69edc&scope=psn%3Aclientapp+psn%3Amobile.v1&redirect_uri=com.playstation.PlayStationApp%3A%2F%2Fredirect&response_type=code
ERROR tests/unit_tests/test_user.py::test_user__trophy_groups_summary_forbidden - requests.exceptions.HTTPError: 400 Client Error: Bad Request for url: https://ca.account.sony.com/api/authz/v3/oauth/authorize?access_type=offline&client_id=ac8d161a-d966-4728-b0ea-ffec22f69edc&scope=psn%3Aclientapp+psn%3Amobile.v1&redirect_uri=com.playstation.PlayStationApp%3A%2F%2Fredirect&response_type=code
ERROR tests/unit_tests/test_user.py::test_user__repr_and_str - requests.exceptions.HTTPError: 400 Client Error: Bad Request for url: https://ca.account.sony.com/api/authz/v3/oauth/authorize?access_type=offline&client_id=ac8d161a-d966-4728-b0ea-ffec22f69edc&scope=psn%3Aclientapp+psn%3Amobile.v1&redirect_uri=com.playstation.PlayStationApp%3A%2F%2Fredirect&response_type=code
==================== 1 failed, 2 passed, 60 errors in 3.28s ====================
